#
# A fatal error has been detected by the Java Runtime Environment:
#
#  EXCEPTION_ACCESS_VIOLATION (0xc0000005) at pc=0x00007ffd9123d08a, pid=12436, tid=9708
#
# JRE version: OpenJDK Runtime Environment Corretto-21.0.7.6.1 (21.0.7+6) (build 21.0.7+6-LTS)
# Java VM: OpenJDK 64-Bit Server VM Corretto-21.0.7.6.1 (21.0.7+6-LTS, mixed mode, sharing, tiered, compressed oops, compressed class ptrs, g1 gc, windows-amd64)
# Problematic frame:
# C  [igxelpicd64.dll+0x6ed08a]
#
# No core dump will be written. Minidumps are not enabled by default on client versions of Windows
#
# If you would like to submit a bug report, please visit:
#   https://github.com/corretto/corretto-21/issues/
# The crash happened outside the Java Virtual Machine in native code.
# See problematic frame for where to report the bug.
#

---------------  S U M M A R Y ------------

Command Line: cubeTest

Host: 11th Gen Intel(R) Core(TM) i5-1135G7 @ 2.40GHz, 8 cores, 7G,  Windows 11 , 64 bit Build 26100 (10.0.26100.5074)
Time: Thu Oct  2 23:09:20 2025 Central Daylight Time elapsed time: 3.060486 seconds (0d 0h 0m 3s)

---------------  T H R E A D  ---------------

Current thread (0x000002436eb13650):  JavaThread "main"             [_thread_in_native, id=9708, stack(0x0000007e52100000,0x0000007e52200000) (1024K)]

Stack: [0x0000007e52100000,0x0000007e52200000],  sp=0x0000007e521fbf00,  free space=1007k
Native frames: (J=compiled Java code, j=interpreted, Vv=VM code, C=native code)
C  [igxelpicd64.dll+0x6ed08a]

Java frames: (J=compiled Java code, j=interpreted, Vv=VM code)
j  jogamp.opengl.gl4.GL4bcImpl.dispatch_glLinkProgram1(IJ)V+0
j  jogamp.opengl.gl4.GL4bcImpl.glLinkProgram(I)V+40
j  renderer.pipelineGL.Pipeline.render(Lrenderer/scene/Scene;Lrenderer/framebuffer/FrameBuffer$Viewport;)V+334
j  renderer.pipelineGL.Pipeline.render(Lrenderer/scene/Scene;Lrenderer/framebuffer/FrameBuffer;)V+5
j  cubeTest.main([Ljava/lang/String;)V+201
v  ~StubRoutines::call_stub 0x00000243075310e7

siginfo: EXCEPTION_ACCESS_VIOLATION (0xc0000005), reading address 0x0000000000000000


Registers:
RAX=0x0000024359882108, RBX=0x0000000000000000, RCX=0x0000024359882120, RDX=0x0000000000000003
RSP=0x0000007e521fbf00, RBP=0x0000000000000003, RSI=0x0000000000000003, RDI=0x000002435987ca40
R8 =0x0000000000000001, R9 =0x00007ffd9123af26, R10=0x0000000000000000, R11=0x0000007e521fbe90
R12=0x0000000000000000, R13=0x0000007e521fc200, R14=0x000002435a42f970, R15=0x0000000000000000
RIP=0x00007ffd9123d08a, EFLAGS=0x0000000000010206

XMM[0]=0x0000024300000000 0x0000000000000020
XMM[1]=0x000002435afc7900 0x000002435afc7870
XMM[2]=0x000002435afc7bd0 0x000002435afc7900
XMM[3]=0x0000000000000000 0x0000000000000000
XMM[4]=0x0000000100000001 0x0000000100000001
XMM[5]=0x4c43442e4153496e 0x65472e786e65672e
XMM[6]=0x0000000000000000 0xcca409ba8669c9d1
XMM[7]=0x0000000000000000 0x84464b6f3abc5271
XMM[8]=0x0000000000000000 0xd5d5a6645733ad98
XMM[9]=0x0000000000000000 0x7ebd0e8bcff493fc
XMM[10]=0x0000000000000000 0x0000000051378571
XMM[11]=0x0000000000000000 0x6870c4c8386558c4
XMM[12]=0x0000000000000000 0x00000000cff493fc
XMM[13]=0x0000000000000000 0x0000000000000000
XMM[14]=0x0000000000000000 0x0000000000000000
XMM[15]=0x0000000000000000 0x0000000000000000
  MXCSR=0x00001fa0


Register to memory mapping:

RAX=0x0000024359882108 points into unknown readable memory: 0x000002435987ca48 | 48 ca 87 59 43 02 00 00
RBX=0x0 is null
RCX=0x0000024359882120 points into unknown readable memory: 0x000002435987d958 | 58 d9 87 59 43 02 00 00
RDX=0x0000000000000003 is an unknown value
RSP=0x0000007e521fbf00 is pointing into the stack for thread: 0x000002436eb13650
RBP=0x0000000000000003 is an unknown value
RSI=0x0000000000000003 is an unknown value
RDI=0x000002435987ca40 points into unknown readable memory: 0x00007ffd91aea360 | 60 a3 ae 91 fd 7f 00 00
R8 =0x0000000000000001 is an unknown value
R9 =0x00007ffd9123af26 igxelpicd64.dll
R10=0x0 is null
R11=0x0000007e521fbe90 is pointing into the stack for thread: 0x000002436eb13650
R12=0x0 is null
R13=0x0000007e521fc200 is pointing into the stack for thread: 0x000002436eb13650
R14=0x000002435a42f970 points into unknown readable memory: 0x0000024359882108 | 08 21 88 59 43 02 00 00
R15=0x0 is null

Top of Stack: (sp=0x0000007e521fbf00)
0x0000007e521fbf00:   0000024359872d08 0000007e521fc200
0x0000007e521fbf10:   000002435987d903 0000000000000003
0x0000007e521fbf20:   0000000000000000 0000007e521fc210
0x0000007e521fbf30:   0000000000000001 0000007e521fc200
0x0000007e521fbf40:   00000243598724a8 00007ffe311f0e14
0x0000007e521fbf50:   00007ffd91a61900 00007ffd91a624c0
0x0000007e521fbf60:   0000000000000000 00000000ffffffff
0x0000007e521fbf70:   00007ffd91a624c0 0000000000000000
0x0000007e521fbf80:   00000000ffffffff 0000000000000000
0x0000007e521fbf90:   0000000000000000 00007f0000000000
0x0000007e521fbfa0:   0000000000000000 0000000000000000
0x0000007e521fbfb0:   0000000000000000 0000000001000000
0x0000007e521fbfc0:   0000000003000000 ff00000000000000
0x0000007e521fbfd0:   ffffffff52ffffff ffffffffffffffff
0x0000007e521fbfe0:   ffffffffffffffff ffff00ffffffffff
0x0000007e521fbff0:   0000ffffffffffff 0000010400000000
0x0000007e521fc000:   0000007e521fc010 0000001000000004
0x0000007e521fc010:   000002435a42f670 000002435a42f730
0x0000007e521fc020:   000002435a42d630 000002435a42f970
0x0000007e521fc030:   0000007e521fc240 00007ffe311f0e14
0x0000007e521fc040:   0000024300000002 0000000000000000
0x0000007e521fc050:   0000000000000000 0000000000000000
0x0000007e521fc060:   0000000000000068 0000007e521fc210
0x0000007e521fc070:   0000000000000001 0000000000000000
0x0000007e521fc080:   0000000000000000 00007ffd9158ea44
0x0000007e521fc090:   0000000000000001 0000007e521fc0a8
0x0000007e521fc0a0:   0000001000000003 000002435afc7870
0x0000007e521fc0b0:   000002435afc7900 000002435afc7bd0
0x0000007e521fc0c0:   0000000000000000 000002436eae0000
0x0000007e521fc0d0:   0000000000000003 0000000000000008
0x0000007e521fc0e0:   000002435afcd6b0 00007ffd9106891d
0x0000007e521fc0f0:   0000000000000010 000002435a432808 

Instructions: (pc=0x00007ffd9123d08a)
0x00007ffd9123cf8a:   ce b0 18 fa 00 4c 8d 8c 24 00 01 00 00 45 33 c0
0x00007ffd9123cf9a:   48 8b d3 48 8b cf ff 15 62 57 80 00 44 8b f8 85
0x00007ffd9123cfaa:   c0 0f 85 dd 01 00 00 49 8b 5d 38 48 8b 03 48 8b
0x00007ffd9123cfba:   cb 48 8b 40 08 ff 15 43 57 80 00 48 0f be c8 48
0x00007ffd9123cfca:   8b 84 ce b0 18 fa 00 4c 8d 8c 24 98 01 00 00 45
0x00007ffd9123cfda:   33 c0 48 8b d3 48 8b cf ff 15 20 57 80 00 44 8b
0x00007ffd9123cfea:   f8 85 c0 0f 85 9b 01 00 00 33 f6 48 8d 8c 24 00
0x00007ffd9123cffa:   01 00 00 e8 3e fa 44 00 85 c0 0f 84 3d 01 00 00
0x00007ffd9123d00a:   4c 8b 6c 24 38 90 8b ee 8b d6 48 8d 8c 24 00 01
0x00007ffd9123d01a:   00 00 e8 ff 7d ff ff 4c 8b 30 49 8b 1e 80 7b 08
0x00007ffd9123d02a:   0f 75 07 48 8b 43 10 48 8b 18 ba 10 00 00 00 48
0x00007ffd9123d03a:   8b cb e8 ef a6 10 00 84 c0 75 07 38 43 08 b3 03
0x00007ffd9123d04a:   75 02 b3 02 8b d6 48 8d 4c 24 50 e8 36 f3 db ff
0x00007ffd9123d05a:   44 0f b6 c3 0f b6 d0 48 8d 4c 24 30 e8 85 de ff
0x00007ffd9123d06a:   ff 48 8b d5 48 8d 8c 24 98 01 00 00 e8 a5 7d ff
0x00007ffd9123d07a:   ff 48 8b 18 44 8b 44 24 30 49 8b 06 48 8b 48 10
0x00007ffd9123d08a:   48 8b 03 48 3b 01 74 6f 48 3b 87 00 01 00 00 74
0x00007ffd9123d09a:   55 33 d2 41 8d 40 ff 83 f8 06 77 58 48 98 4c 8d
0x00007ffd9123d0aa:   05 51 2f 91 ff 41 8b 8c 80 0c d2 6e 00 49 03 c8
0x00007ffd9123d0ba:   ff e1 48 8b d3 48 8b cf e8 79 6e 00 00 eb 32 48
0x00007ffd9123d0ca:   8b d3 48 8b cf e8 2c 70 00 00 eb 25 48 8b d3 48
0x00007ffd9123d0da:   8b cf e8 5f 73 00 00 eb 18 48 8b d3 48 8b cf e8
0x00007ffd9123d0ea:   d2 71 00 00 eb 0b 48 8b d3 48 8b cf e8 d5 74 00
0x00007ffd9123d0fa:   00 48 8b d0 48 8b da 45 33 c9 4d 8b c6 48 8b d3
0x00007ffd9123d10a:   48 8d 4f 10 e8 8d c8 5f 00 4d 85 e4 75 0e 48 8b
0x00007ffd9123d11a:   d5 49 8b cd e8 fd 7c ff ff 48 89 18 ff c6 48 8d
0x00007ffd9123d12a:   8c 24 00 01 00 00 e8 0b f9 44 00 3b f0 0f 82 d3
0x00007ffd9123d13a:   fe ff ff 4c 8b 6c 24 40 48 8b 6c 24 38 4d 85 e4
0x00007ffd9123d14a:   74 19 4c 8b cd 4d 8b c4 49 8b 55 30 48 8b cf e8
0x00007ffd9123d15a:   92 ec ff ff 44 8b f8 85 c0 75 29 80 bf 50 01 00
0x00007ffd9123d16a:   00 01 75 20 48 8b 07 4c 8d 84 24 00 01 00 00 49
0x00007ffd9123d17a:   8b 55 30 48 8b cf 48 8b 80 90 00 00 00 ff 15 7b 


Stack slot to memory mapping:

stack at sp + 0 slots: 0x0000024359872d08 points into unknown readable memory: 0x00007ffd91a63910 | 10 39 a6 91 fd 7f 00 00
stack at sp + 1 slots: 0x0000007e521fc200 is pointing into the stack for thread: 0x000002436eb13650
stack at sp + 2 slots: 0x000002435987d903 points into unknown readable memory: 00 00 00 00 00
stack at sp + 3 slots: 0x0000000000000003 is an unknown value
stack at sp + 4 slots: 0x0 is null
stack at sp + 5 slots: 0x0000007e521fc210 is pointing into the stack for thread: 0x000002436eb13650
stack at sp + 6 slots: 0x0000000000000001 is an unknown value
stack at sp + 7 slots: 0x0000007e521fc200 is pointing into the stack for thread: 0x000002436eb13650


---------------  P R O C E S S  ---------------

Threads class SMR info:
_java_thread_list=0x000002437ec11e70, length=14, elements={
0x000002436eb13650, 0x000002437e9fd8d0, 0x000002437ea007d0, 0x000002437ea03700,
0x000002437ea05780, 0x000002437ea07d00, 0x000002437ea08390, 0x000002437ea0d8e0,
0x000002437ea316a0, 0x000002437ea08a20, 0x000002437ea0a460, 0x000002437ea0aaf0,
0x000002437ea09740, 0x000002437ea07670
}

Java Threads: ( => current thread )
=>0x000002436eb13650 JavaThread "main"                              [_thread_in_native, id=9708, stack(0x0000007e52100000,0x0000007e52200000) (1024K)]
  0x000002437e9fd8d0 JavaThread "Reference Handler"          daemon [_thread_blocked, id=9820, stack(0x0000007e52900000,0x0000007e52a00000) (1024K)]
  0x000002437ea007d0 JavaThread "Finalizer"                  daemon [_thread_blocked, id=20356, stack(0x0000007e52a00000,0x0000007e52b00000) (1024K)]
  0x000002437ea03700 JavaThread "Signal Dispatcher"          daemon [_thread_blocked, id=21200, stack(0x0000007e52b00000,0x0000007e52c00000) (1024K)]
  0x000002437ea05780 JavaThread "Attach Listener"            daemon [_thread_blocked, id=1584, stack(0x0000007e52c00000,0x0000007e52d00000) (1024K)]
  0x000002437ea07d00 JavaThread "Service Thread"             daemon [_thread_blocked, id=17848, stack(0x0000007e52d00000,0x0000007e52e00000) (1024K)]
  0x000002437ea08390 JavaThread "Monitor Deflation Thread"   daemon [_thread_blocked, id=21288, stack(0x0000007e52e00000,0x0000007e52f00000) (1024K)]
  0x000002437ea0d8e0 JavaThread "C2 CompilerThread0"         daemon [_thread_blocked, id=3092, stack(0x0000007e52f00000,0x0000007e53000000) (1024K)]
  0x000002437ea316a0 JavaThread "C1 CompilerThread0"         daemon [_thread_blocked, id=10904, stack(0x0000007e53000000,0x0000007e53100000) (1024K)]
  0x000002437ea08a20 JavaThread "Notification Thread"        daemon [_thread_blocked, id=22924, stack(0x0000007e53100000,0x0000007e53200000) (1024K)]
  0x000002437ea0a460 JavaThread "Common-Cleaner"             daemon [_thread_blocked, id=14252, stack(0x0000007e53200000,0x0000007e53300000) (1024K)]
  0x000002437ea0aaf0 JavaThread "Java2D Disposer"            daemon [_thread_blocked, id=16100, stack(0x0000007e53300000,0x0000007e53400000) (1024K)]
  0x000002437ea09740 JavaThread "AWT-Windows"                daemon [_thread_in_native, id=8936, stack(0x0000007e53500000,0x0000007e53600000) (1024K)]
  0x000002437ea07670 JavaThread "main-SharedResourceRunner"  daemon [_thread_blocked, id=8536, stack(0x0000007e53700000,0x0000007e53800000) (1024K)]
Total: 14

Other Threads:
  0x000002437e9df830 VMThread "VM Thread"                           [id=19808, stack(0x0000007e52800000,0x0000007e52900000) (1024K)]
  0x000002437e9cf680 WatcherThread "VM Periodic Task Thread"        [id=20744, stack(0x0000007e52700000,0x0000007e52800000) (1024K)]
  0x0000024370ea4a00 WorkerThread "GC Thread#0"                     [id=18760, stack(0x0000007e52200000,0x0000007e52300000) (1024K)]
  0x0000024359a72ae0 WorkerThread "GC Thread#1"                     [id=19816, stack(0x0000007e53a00000,0x0000007e53b00000) (1024K)]
  0x0000024359a72e80 WorkerThread "GC Thread#2"                     [id=15212, stack(0x0000007e53b00000,0x0000007e53c00000) (1024K)]
  0x0000024359b68e10 WorkerThread "GC Thread#3"                     [id=23516, stack(0x0000007e53c00000,0x0000007e53d00000) (1024K)]
  0x0000024359b691b0 WorkerThread "GC Thread#4"                     [id=2104, stack(0x0000007e53d00000,0x0000007e53e00000) (1024K)]
  0x0000024359b69550 WorkerThread "GC Thread#5"                     [id=12248, stack(0x0000007e53e00000,0x0000007e53f00000) (1024K)]
  0x0000024359937710 WorkerThread "GC Thread#6"                     [id=4108, stack(0x0000007e53f00000,0x0000007e54000000) (1024K)]
  0x0000024359937ab0 WorkerThread "GC Thread#7"                     [id=3284, stack(0x0000007e54000000,0x0000007e54100000) (1024K)]
  0x0000024370eb63f0 ConcurrentGCThread "G1 Main Marker"            [id=18092, stack(0x0000007e52300000,0x0000007e52400000) (1024K)]
  0x0000024370eb7690 WorkerThread "G1 Conc#0"                       [id=10056, stack(0x0000007e52400000,0x0000007e52500000) (1024K)]
  0x000002437e89e150 ConcurrentGCThread "G1 Refine#0"               [id=2752, stack(0x0000007e52500000,0x0000007e52600000) (1024K)]
  0x000002437e89e970 ConcurrentGCThread "G1 Service"                [id=21520, stack(0x0000007e52600000,0x0000007e52700000) (1024K)]
Total: 14

Threads with active compile tasks:
Total: 0

VM state: not at safepoint (normal execution)

VM Mutex/Monitor currently owned by a thread: None

Heap address: 0x0000000082a00000, size: 2006 MB, Compressed Oops mode: 32-bit

CDS archive(s) mapped at: [0x000002430f000000-0x000002430fc80000-0x000002430fc80000), size 13107200, SharedBaseAddress: 0x000002430f000000, ArchiveRelocationMode: 1.
Compressed class space mapped at: 0x0000024310000000-0x0000024350000000, reserved size: 1073741824
Narrow klass base: 0x000002430f000000, Narrow klass shift: 0, Narrow klass range: 0x100000000

GC Precious Log:
 CardTable entry size: 512
 Card Set container configuration: InlinePtr #cards 5 size 8 Array Of Cards #cards 12 size 40 Howl #buckets 4 coarsen threshold 1843 Howl Bitmap #cards 512 size 80 coarsen threshold 460 Card regions per heap region 1 cards per card region 2048
 CPUs: 8 total, 8 available
 Memory: 8017M
 Large Page Support: Disabled
 NUMA Support: Disabled
 Compressed Oops: Enabled (32-bit)
 Heap Region Size: 1M
 Heap Min Capacity: 8M
 Heap Initial Capacity: 126M
 Heap Max Capacity: 2006M
 Pre-touch: Disabled
 Parallel Workers: 8
 Concurrent Workers: 2
 Concurrent Refinement Workers: 8
 Periodic GC: Disabled

Heap:
 garbage-first heap   total 129024K, used 15359K [0x0000000082a00000, 0x0000000100000000)
  region size 1024K, 15 young (15360K), 3 survivors (3072K)
 Metaspace       used 9818K, committed 10048K, reserved 1114112K
  class space    used 709K, committed 832K, reserved 1048576K

Heap Regions: E=young(eden), S=young(survivor), O=old, HS=humongous(starts), HC=humongous(continues), CS=collection set, F=free, TAMS=top-at-mark-start, PB=parsable bottom
|   0|0x0000000082a00000, 0x0000000082b00000, 0x0000000082b00000|100%|HS|  |TAMS 0x0000000082a00000| PB 0x0000000082a00000| Complete 
|   1|0x0000000082b00000, 0x0000000082b00000, 0x0000000082c00000|  0%| F|  |TAMS 0x0000000082b00000| PB 0x0000000082b00000| Untracked 
|   2|0x0000000082c00000, 0x0000000082c00000, 0x0000000082d00000|  0%| F|  |TAMS 0x0000000082c00000| PB 0x0000000082c00000| Untracked 
|   3|0x0000000082d00000, 0x0000000082d00000, 0x0000000082e00000|  0%| F|  |TAMS 0x0000000082d00000| PB 0x0000000082d00000| Untracked 
|   4|0x0000000082e00000, 0x0000000082e00000, 0x0000000082f00000|  0%| F|  |TAMS 0x0000000082e00000| PB 0x0000000082e00000| Untracked 
|   5|0x0000000082f00000, 0x0000000082f00000, 0x0000000083000000|  0%| F|  |TAMS 0x0000000082f00000| PB 0x0000000082f00000| Untracked 
|   6|0x0000000083000000, 0x0000000083000000, 0x0000000083100000|  0%| F|  |TAMS 0x0000000083000000| PB 0x0000000083000000| Untracked 
|   7|0x0000000083100000, 0x0000000083100000, 0x0000000083200000|  0%| F|  |TAMS 0x0000000083100000| PB 0x0000000083100000| Untracked 
|   8|0x0000000083200000, 0x0000000083200000, 0x0000000083300000|  0%| F|  |TAMS 0x0000000083200000| PB 0x0000000083200000| Untracked 
|   9|0x0000000083300000, 0x0000000083300000, 0x0000000083400000|  0%| F|  |TAMS 0x0000000083300000| PB 0x0000000083300000| Untracked 
|  10|0x0000000083400000, 0x0000000083400000, 0x0000000083500000|  0%| F|  |TAMS 0x0000000083400000| PB 0x0000000083400000| Untracked 
|  11|0x0000000083500000, 0x0000000083500000, 0x0000000083600000|  0%| F|  |TAMS 0x0000000083500000| PB 0x0000000083500000| Untracked 
|  12|0x0000000083600000, 0x0000000083600000, 0x0000000083700000|  0%| F|  |TAMS 0x0000000083600000| PB 0x0000000083600000| Untracked 
|  13|0x0000000083700000, 0x0000000083700000, 0x0000000083800000|  0%| F|  |TAMS 0x0000000083700000| PB 0x0000000083700000| Untracked 
|  14|0x0000000083800000, 0x0000000083800000, 0x0000000083900000|  0%| F|  |TAMS 0x0000000083800000| PB 0x0000000083800000| Untracked 
|  15|0x0000000083900000, 0x0000000083900000, 0x0000000083a00000|  0%| F|  |TAMS 0x0000000083900000| PB 0x0000000083900000| Untracked 
|  16|0x0000000083a00000, 0x0000000083a00000, 0x0000000083b00000|  0%| F|  |TAMS 0x0000000083a00000| PB 0x0000000083a00000| Untracked 
|  17|0x0000000083b00000, 0x0000000083b00000, 0x0000000083c00000|  0%| F|  |TAMS 0x0000000083b00000| PB 0x0000000083b00000| Untracked 
|  18|0x0000000083c00000, 0x0000000083c00000, 0x0000000083d00000|  0%| F|  |TAMS 0x0000000083c00000| PB 0x0000000083c00000| Untracked 
|  19|0x0000000083d00000, 0x0000000083d00000, 0x0000000083e00000|  0%| F|  |TAMS 0x0000000083d00000| PB 0x0000000083d00000| Untracked 
|  20|0x0000000083e00000, 0x0000000083e00000, 0x0000000083f00000|  0%| F|  |TAMS 0x0000000083e00000| PB 0x0000000083e00000| Untracked 
|  21|0x0000000083f00000, 0x0000000083f00000, 0x0000000084000000|  0%| F|  |TAMS 0x0000000083f00000| PB 0x0000000083f00000| Untracked 
|  22|0x0000000084000000, 0x0000000084000000, 0x0000000084100000|  0%| F|  |TAMS 0x0000000084000000| PB 0x0000000084000000| Untracked 
|  23|0x0000000084100000, 0x0000000084100000, 0x0000000084200000|  0%| F|  |TAMS 0x0000000084100000| PB 0x0000000084100000| Untracked 
|  24|0x0000000084200000, 0x0000000084200000, 0x0000000084300000|  0%| F|  |TAMS 0x0000000084200000| PB 0x0000000084200000| Untracked 
|  25|0x0000000084300000, 0x0000000084300000, 0x0000000084400000|  0%| F|  |TAMS 0x0000000084300000| PB 0x0000000084300000| Untracked 
|  26|0x0000000084400000, 0x0000000084400000, 0x0000000084500000|  0%| F|  |TAMS 0x0000000084400000| PB 0x0000000084400000| Untracked 
|  27|0x0000000084500000, 0x0000000084500000, 0x0000000084600000|  0%| F|  |TAMS 0x0000000084500000| PB 0x0000000084500000| Untracked 
|  28|0x0000000084600000, 0x0000000084600000, 0x0000000084700000|  0%| F|  |TAMS 0x0000000084600000| PB 0x0000000084600000| Untracked 
|  29|0x0000000084700000, 0x0000000084700000, 0x0000000084800000|  0%| F|  |TAMS 0x0000000084700000| PB 0x0000000084700000| Untracked 
|  30|0x0000000084800000, 0x0000000084800000, 0x0000000084900000|  0%| F|  |TAMS 0x0000000084800000| PB 0x0000000084800000| Untracked 
|  31|0x0000000084900000, 0x0000000084900000, 0x0000000084a00000|  0%| F|  |TAMS 0x0000000084900000| PB 0x0000000084900000| Untracked 
|  32|0x0000000084a00000, 0x0000000084a00000, 0x0000000084b00000|  0%| F|  |TAMS 0x0000000084a00000| PB 0x0000000084a00000| Untracked 
|  33|0x0000000084b00000, 0x0000000084b00000, 0x0000000084c00000|  0%| F|  |TAMS 0x0000000084b00000| PB 0x0000000084b00000| Untracked 
|  34|0x0000000084c00000, 0x0000000084c00000, 0x0000000084d00000|  0%| F|  |TAMS 0x0000000084c00000| PB 0x0000000084c00000| Untracked 
|  35|0x0000000084d00000, 0x0000000084d00000, 0x0000000084e00000|  0%| F|  |TAMS 0x0000000084d00000| PB 0x0000000084d00000| Untracked 
|  36|0x0000000084e00000, 0x0000000084e00000, 0x0000000084f00000|  0%| F|  |TAMS 0x0000000084e00000| PB 0x0000000084e00000| Untracked 
|  37|0x0000000084f00000, 0x0000000084f00000, 0x0000000085000000|  0%| F|  |TAMS 0x0000000084f00000| PB 0x0000000084f00000| Untracked 
|  38|0x0000000085000000, 0x0000000085000000, 0x0000000085100000|  0%| F|  |TAMS 0x0000000085000000| PB 0x0000000085000000| Untracked 
|  39|0x0000000085100000, 0x0000000085100000, 0x0000000085200000|  0%| F|  |TAMS 0x0000000085100000| PB 0x0000000085100000| Untracked 
|  40|0x0000000085200000, 0x0000000085200000, 0x0000000085300000|  0%| F|  |TAMS 0x0000000085200000| PB 0x0000000085200000| Untracked 
|  41|0x0000000085300000, 0x0000000085300000, 0x0000000085400000|  0%| F|  |TAMS 0x0000000085300000| PB 0x0000000085300000| Untracked 
|  42|0x0000000085400000, 0x0000000085400000, 0x0000000085500000|  0%| F|  |TAMS 0x0000000085400000| PB 0x0000000085400000| Untracked 
|  43|0x0000000085500000, 0x0000000085500000, 0x0000000085600000|  0%| F|  |TAMS 0x0000000085500000| PB 0x0000000085500000| Untracked 
|  44|0x0000000085600000, 0x0000000085600000, 0x0000000085700000|  0%| F|  |TAMS 0x0000000085600000| PB 0x0000000085600000| Untracked 
|  45|0x0000000085700000, 0x0000000085700000, 0x0000000085800000|  0%| F|  |TAMS 0x0000000085700000| PB 0x0000000085700000| Untracked 
|  46|0x0000000085800000, 0x0000000085800000, 0x0000000085900000|  0%| F|  |TAMS 0x0000000085800000| PB 0x0000000085800000| Untracked 
|  47|0x0000000085900000, 0x0000000085900000, 0x0000000085a00000|  0%| F|  |TAMS 0x0000000085900000| PB 0x0000000085900000| Untracked 
|  48|0x0000000085a00000, 0x0000000085a00000, 0x0000000085b00000|  0%| F|  |TAMS 0x0000000085a00000| PB 0x0000000085a00000| Untracked 
|  49|0x0000000085b00000, 0x0000000085b00000, 0x0000000085c00000|  0%| F|  |TAMS 0x0000000085b00000| PB 0x0000000085b00000| Untracked 
|  50|0x0000000085c00000, 0x0000000085c00000, 0x0000000085d00000|  0%| F|  |TAMS 0x0000000085c00000| PB 0x0000000085c00000| Untracked 
|  51|0x0000000085d00000, 0x0000000085d00000, 0x0000000085e00000|  0%| F|  |TAMS 0x0000000085d00000| PB 0x0000000085d00000| Untracked 
|  52|0x0000000085e00000, 0x0000000085e00000, 0x0000000085f00000|  0%| F|  |TAMS 0x0000000085e00000| PB 0x0000000085e00000| Untracked 
|  53|0x0000000085f00000, 0x0000000085f00000, 0x0000000086000000|  0%| F|  |TAMS 0x0000000085f00000| PB 0x0000000085f00000| Untracked 
|  54|0x0000000086000000, 0x0000000086000000, 0x0000000086100000|  0%| F|  |TAMS 0x0000000086000000| PB 0x0000000086000000| Untracked 
|  55|0x0000000086100000, 0x0000000086100000, 0x0000000086200000|  0%| F|  |TAMS 0x0000000086100000| PB 0x0000000086100000| Untracked 
|  56|0x0000000086200000, 0x0000000086200000, 0x0000000086300000|  0%| F|  |TAMS 0x0000000086200000| PB 0x0000000086200000| Untracked 
|  57|0x0000000086300000, 0x0000000086300000, 0x0000000086400000|  0%| F|  |TAMS 0x0000000086300000| PB 0x0000000086300000| Untracked 
|  58|0x0000000086400000, 0x0000000086400000, 0x0000000086500000|  0%| F|  |TAMS 0x0000000086400000| PB 0x0000000086400000| Untracked 
|  59|0x0000000086500000, 0x0000000086500000, 0x0000000086600000|  0%| F|  |TAMS 0x0000000086500000| PB 0x0000000086500000| Untracked 
|  60|0x0000000086600000, 0x0000000086600000, 0x0000000086700000|  0%| F|  |TAMS 0x0000000086600000| PB 0x0000000086600000| Untracked 
|  61|0x0000000086700000, 0x0000000086700000, 0x0000000086800000|  0%| F|  |TAMS 0x0000000086700000| PB 0x0000000086700000| Untracked 
|  62|0x0000000086800000, 0x0000000086800000, 0x0000000086900000|  0%| F|  |TAMS 0x0000000086800000| PB 0x0000000086800000| Untracked 
|  63|0x0000000086900000, 0x0000000086900000, 0x0000000086a00000|  0%| F|  |TAMS 0x0000000086900000| PB 0x0000000086900000| Untracked 
|  64|0x0000000086a00000, 0x0000000086a00000, 0x0000000086b00000|  0%| F|  |TAMS 0x0000000086a00000| PB 0x0000000086a00000| Untracked 
|  65|0x0000000086b00000, 0x0000000086b00000, 0x0000000086c00000|  0%| F|  |TAMS 0x0000000086b00000| PB 0x0000000086b00000| Untracked 
|  66|0x0000000086c00000, 0x0000000086c00000, 0x0000000086d00000|  0%| F|  |TAMS 0x0000000086c00000| PB 0x0000000086c00000| Untracked 
|  67|0x0000000086d00000, 0x0000000086d00000, 0x0000000086e00000|  0%| F|  |TAMS 0x0000000086d00000| PB 0x0000000086d00000| Untracked 
|  68|0x0000000086e00000, 0x0000000086e00000, 0x0000000086f00000|  0%| F|  |TAMS 0x0000000086e00000| PB 0x0000000086e00000| Untracked 
|  69|0x0000000086f00000, 0x0000000086f00000, 0x0000000087000000|  0%| F|  |TAMS 0x0000000086f00000| PB 0x0000000086f00000| Untracked 
|  70|0x0000000087000000, 0x0000000087000000, 0x0000000087100000|  0%| F|  |TAMS 0x0000000087000000| PB 0x0000000087000000| Untracked 
|  71|0x0000000087100000, 0x0000000087100000, 0x0000000087200000|  0%| F|  |TAMS 0x0000000087100000| PB 0x0000000087100000| Untracked 
|  72|0x0000000087200000, 0x0000000087200000, 0x0000000087300000|  0%| F|  |TAMS 0x0000000087200000| PB 0x0000000087200000| Untracked 
|  73|0x0000000087300000, 0x0000000087300000, 0x0000000087400000|  0%| F|  |TAMS 0x0000000087300000| PB 0x0000000087300000| Untracked 
|  74|0x0000000087400000, 0x0000000087400000, 0x0000000087500000|  0%| F|  |TAMS 0x0000000087400000| PB 0x0000000087400000| Untracked 
|  75|0x0000000087500000, 0x0000000087500000, 0x0000000087600000|  0%| F|  |TAMS 0x0000000087500000| PB 0x0000000087500000| Untracked 
|  76|0x0000000087600000, 0x0000000087600000, 0x0000000087700000|  0%| F|  |TAMS 0x0000000087600000| PB 0x0000000087600000| Untracked 
|  77|0x0000000087700000, 0x0000000087700000, 0x0000000087800000|  0%| F|  |TAMS 0x0000000087700000| PB 0x0000000087700000| Untracked 
|  78|0x0000000087800000, 0x0000000087800000, 0x0000000087900000|  0%| F|  |TAMS 0x0000000087800000| PB 0x0000000087800000| Untracked 
|  79|0x0000000087900000, 0x0000000087900000, 0x0000000087a00000|  0%| F|  |TAMS 0x0000000087900000| PB 0x0000000087900000| Untracked 
|  80|0x0000000087a00000, 0x0000000087a00000, 0x0000000087b00000|  0%| F|  |TAMS 0x0000000087a00000| PB 0x0000000087a00000| Untracked 
|  81|0x0000000087b00000, 0x0000000087b00000, 0x0000000087c00000|  0%| F|  |TAMS 0x0000000087b00000| PB 0x0000000087b00000| Untracked 
|  82|0x0000000087c00000, 0x0000000087c00000, 0x0000000087d00000|  0%| F|  |TAMS 0x0000000087c00000| PB 0x0000000087c00000| Untracked 
|  83|0x0000000087d00000, 0x0000000087d00000, 0x0000000087e00000|  0%| F|  |TAMS 0x0000000087d00000| PB 0x0000000087d00000| Untracked 
|  84|0x0000000087e00000, 0x0000000087e00000, 0x0000000087f00000|  0%| F|  |TAMS 0x0000000087e00000| PB 0x0000000087e00000| Untracked 
|  85|0x0000000087f00000, 0x0000000087f00000, 0x0000000088000000|  0%| F|  |TAMS 0x0000000087f00000| PB 0x0000000087f00000| Untracked 
|  86|0x0000000088000000, 0x0000000088000000, 0x0000000088100000|  0%| F|  |TAMS 0x0000000088000000| PB 0x0000000088000000| Untracked 
|  87|0x0000000088100000, 0x0000000088100000, 0x0000000088200000|  0%| F|  |TAMS 0x0000000088100000| PB 0x0000000088100000| Untracked 
|  88|0x0000000088200000, 0x0000000088200000, 0x0000000088300000|  0%| F|  |TAMS 0x0000000088200000| PB 0x0000000088200000| Untracked 
|  89|0x0000000088300000, 0x0000000088300000, 0x0000000088400000|  0%| F|  |TAMS 0x0000000088300000| PB 0x0000000088300000| Untracked 
|  90|0x0000000088400000, 0x0000000088400000, 0x0000000088500000|  0%| F|  |TAMS 0x0000000088400000| PB 0x0000000088400000| Untracked 
|  91|0x0000000088500000, 0x0000000088500000, 0x0000000088600000|  0%| F|  |TAMS 0x0000000088500000| PB 0x0000000088500000| Untracked 
|  92|0x0000000088600000, 0x0000000088600000, 0x0000000088700000|  0%| F|  |TAMS 0x0000000088600000| PB 0x0000000088600000| Untracked 
|  93|0x0000000088700000, 0x0000000088700000, 0x0000000088800000|  0%| F|  |TAMS 0x0000000088700000| PB 0x0000000088700000| Untracked 
|  94|0x0000000088800000, 0x0000000088800000, 0x0000000088900000|  0%| F|  |TAMS 0x0000000088800000| PB 0x0000000088800000| Untracked 
|  95|0x0000000088900000, 0x0000000088900000, 0x0000000088a00000|  0%| F|  |TAMS 0x0000000088900000| PB 0x0000000088900000| Untracked 
|  96|0x0000000088a00000, 0x0000000088a00000, 0x0000000088b00000|  0%| F|  |TAMS 0x0000000088a00000| PB 0x0000000088a00000| Untracked 
|  97|0x0000000088b00000, 0x0000000088b00000, 0x0000000088c00000|  0%| F|  |TAMS 0x0000000088b00000| PB 0x0000000088b00000| Untracked 
|  98|0x0000000088c00000, 0x0000000088c00000, 0x0000000088d00000|  0%| F|  |TAMS 0x0000000088c00000| PB 0x0000000088c00000| Untracked 
|  99|0x0000000088d00000, 0x0000000088d00000, 0x0000000088e00000|  0%| F|  |TAMS 0x0000000088d00000| PB 0x0000000088d00000| Untracked 
| 100|0x0000000088e00000, 0x0000000088efffc0, 0x0000000088f00000| 99%| S|CS|TAMS 0x0000000088e00000| PB 0x0000000088e00000| Complete 
| 101|0x0000000088f00000, 0x0000000089000000, 0x0000000089000000|100%| S|CS|TAMS 0x0000000088f00000| PB 0x0000000088f00000| Complete 
| 102|0x0000000089000000, 0x0000000089100000, 0x0000000089100000|100%| S|CS|TAMS 0x0000000089000000| PB 0x0000000089000000| Complete 
| 103|0x0000000089100000, 0x0000000089100000, 0x0000000089200000|  0%| F|  |TAMS 0x0000000089100000| PB 0x0000000089100000| Untracked 
| 104|0x0000000089200000, 0x0000000089200000, 0x0000000089300000|  0%| F|  |TAMS 0x0000000089200000| PB 0x0000000089200000| Untracked 
| 105|0x0000000089300000, 0x0000000089300000, 0x0000000089400000|  0%| F|  |TAMS 0x0000000089300000| PB 0x0000000089300000| Untracked 
| 106|0x0000000089400000, 0x0000000089400000, 0x0000000089500000|  0%| F|  |TAMS 0x0000000089400000| PB 0x0000000089400000| Untracked 
| 107|0x0000000089500000, 0x0000000089500000, 0x0000000089600000|  0%| F|  |TAMS 0x0000000089500000| PB 0x0000000089500000| Untracked 
| 108|0x0000000089600000, 0x0000000089600000, 0x0000000089700000|  0%| F|  |TAMS 0x0000000089600000| PB 0x0000000089600000| Untracked 
| 109|0x0000000089700000, 0x0000000089700000, 0x0000000089800000|  0%| F|  |TAMS 0x0000000089700000| PB 0x0000000089700000| Untracked 
| 110|0x0000000089800000, 0x0000000089800000, 0x0000000089900000|  0%| F|  |TAMS 0x0000000089800000| PB 0x0000000089800000| Untracked 
| 111|0x0000000089900000, 0x0000000089900000, 0x0000000089a00000|  0%| F|  |TAMS 0x0000000089900000| PB 0x0000000089900000| Untracked 
| 112|0x0000000089a00000, 0x0000000089a00000, 0x0000000089b00000|  0%| F|  |TAMS 0x0000000089a00000| PB 0x0000000089a00000| Untracked 
| 113|0x0000000089b00000, 0x0000000089b00000, 0x0000000089c00000|  0%| F|  |TAMS 0x0000000089b00000| PB 0x0000000089b00000| Untracked 
| 114|0x0000000089c00000, 0x0000000089c51ab0, 0x0000000089d00000| 31%| E|  |TAMS 0x0000000089c00000| PB 0x0000000089c00000| Complete 
| 115|0x0000000089d00000, 0x0000000089e00000, 0x0000000089e00000|100%| E|CS|TAMS 0x0000000089d00000| PB 0x0000000089d00000| Complete 
| 116|0x0000000089e00000, 0x0000000089f00000, 0x0000000089f00000|100%| E|CS|TAMS 0x0000000089e00000| PB 0x0000000089e00000| Complete 
| 117|0x0000000089f00000, 0x000000008a000000, 0x000000008a000000|100%| E|CS|TAMS 0x0000000089f00000| PB 0x0000000089f00000| Complete 
| 118|0x000000008a000000, 0x000000008a100000, 0x000000008a100000|100%| E|CS|TAMS 0x000000008a000000| PB 0x000000008a000000| Complete 
| 119|0x000000008a100000, 0x000000008a200000, 0x000000008a200000|100%| E|CS|TAMS 0x000000008a100000| PB 0x000000008a100000| Complete 
| 120|0x000000008a200000, 0x000000008a300000, 0x000000008a300000|100%| E|CS|TAMS 0x000000008a200000| PB 0x000000008a200000| Complete 
| 121|0x000000008a300000, 0x000000008a400000, 0x000000008a400000|100%| E|CS|TAMS 0x000000008a300000| PB 0x000000008a300000| Complete 
| 122|0x000000008a400000, 0x000000008a500000, 0x000000008a500000|100%| E|CS|TAMS 0x000000008a400000| PB 0x000000008a400000| Complete 
| 123|0x000000008a500000, 0x000000008a600000, 0x000000008a600000|100%| E|CS|TAMS 0x000000008a500000| PB 0x000000008a500000| Complete 
| 124|0x000000008a600000, 0x000000008a700000, 0x000000008a700000|100%| E|CS|TAMS 0x000000008a600000| PB 0x000000008a600000| Complete 
| 125|0x000000008a700000, 0x000000008a800000, 0x000000008a800000|100%| E|CS|TAMS 0x000000008a700000| PB 0x000000008a700000| Complete 

Card table byte_map: [0x0000024379c60000,0x000002437a050000] _byte_map_base: 0x000002437984b000

Marking Bits: (CMBitMap*) 0x0000024370ea5100
 Bits: [0x000002437a050000, 0x000002437bfa8000)

Polling page: 0x000002436ec30000

Metaspace:

Usage:
  Non-class:      8.90 MB used.
      Class:    709.70 KB used.
       Both:      9.59 MB used.

Virtual space:
  Non-class space:       64.00 MB reserved,       9.00 MB ( 14%) committed,  1 nodes.
      Class space:        1.00 GB reserved,     832.00 KB ( <1%) committed,  1 nodes.
             Both:        1.06 GB reserved,       9.81 MB ( <1%) committed. 

Chunk freelists:
   Non-Class:  6.19 MB
       Class:  15.04 MB
        Both:  21.23 MB

MaxMetaspaceSize: unlimited
CompressedClassSpaceSize: 1.00 GB
Initial GC threshold: 21.00 MB
Current GC threshold: 21.00 MB
CDS: on
 - commit_granule_bytes: 65536.
 - commit_granule_words: 8192.
 - virtual_space_node_default_size: 8388608.
 - enlarge_chunks_in_place: 1.
 - use_allocation_guard: 0.


Internal statistics:

num_allocs_failed_limit: 0.
num_arena_births: 160.
num_arena_deaths: 0.
num_vsnodes_births: 2.
num_vsnodes_deaths: 0.
num_space_committed: 153.
num_space_uncommitted: 0.
num_chunks_returned_to_freelist: 0.
num_chunks_taken_from_freelist: 365.
num_chunk_merges: 0.
num_chunk_splits: 256.
num_chunks_enlarged: 173.
num_inconsistent_stats: 0.

CodeHeap 'non-profiled nmethods': size=120000Kb used=471Kb max_used=471Kb free=119528Kb
 bounds [0x0000024307ad0000, 0x0000024307d40000, 0x000002430f000000]
CodeHeap 'profiled nmethods': size=120000Kb used=1766Kb max_used=1766Kb free=118233Kb
 bounds [0x0000024300000000, 0x0000024300270000, 0x0000024307530000]
CodeHeap 'non-nmethods': size=5760Kb used=2138Kb max_used=2188Kb free=3622Kb
 bounds [0x0000024307530000, 0x00000243077a0000, 0x0000024307ad0000]
 total_blobs=1979 nmethods=1095 adapters=789
 compilation: enabled
              stopped_count=0, restarted_count=0
 full_count=0

Compilation events (20 events):
Event: 2.714 Thread 0x000002437ea0d8e0 1085       4       com.jogamp.gluegen.runtime.ProcAddressTable::fieldToFunctionName (8 bytes)
Event: 2.717 Thread 0x000002437ea0d8e0 nmethod 1085 0x0000024307b34190 code [0x0000024307b34340, 0x0000024307b34828]
Event: 2.717 Thread 0x000002437ea0d8e0 1086   !   4       com.jogamp.gluegen.runtime.ProcAddressTable::setEntry (135 bytes)
Event: 2.891 Thread 0x000002437ea0d8e0 nmethod 1086 0x0000024307b34a90 code [0x0000024307b355c0, 0x0000024307b3ec70]
Event: 2.891 Thread 0x000002437ea0d8e0 1087   !   4       jdk.internal.reflect.MethodHandleLongFieldAccessorImpl::setLong (73 bytes)
Event: 2.893 Thread 0x000002437ea0d8e0 nmethod 1087 0x0000024307b43510 code [0x0000024307b436e0, 0x0000024307b43978]
Event: 2.974 Thread 0x000002437ea0d8e0 1088       4       java.util.HashMap::newNode (13 bytes)
Event: 2.975 Thread 0x000002437ea0d8e0 nmethod 1088 0x0000024307b43c90 code [0x0000024307b43e20, 0x0000024307b43f40]
Event: 2.988 Thread 0x000002437ea0d8e0 1089 %     4       java.lang.Class::searchFields @ 8 (43 bytes)
Event: 2.994 Thread 0x000002437ea0d8e0 nmethod 1089% 0x0000024307b44010 code [0x0000024307b441c0, 0x0000024307b44968]
Event: 2.994 Thread 0x000002437ea0d8e0 1090       4       java.lang.Class::searchFields (43 bytes)
Event: 2.997 Thread 0x000002437ea0d8e0 nmethod 1090 0x0000024307b44b90 code [0x0000024307b44d20, 0x0000024307b451f8]
Event: 2.998 Thread 0x000002437ea316a0 1091       1       java.lang.Integer::intValue (5 bytes)
Event: 2.998 Thread 0x000002437ea316a0 nmethod 1091 0x0000024307b45410 code [0x0000024307b455a0, 0x0000024307b45668]
Event: 3.012 Thread 0x000002437ea316a0 1093       3       jdk.internal.ref.PhantomCleanable::clean (16 bytes)
Event: 3.012 Thread 0x000002437ea316a0 nmethod 1093 0x00000243001b7610 code [0x00000243001b77e0, 0x00000243001b7ac0]
Event: 3.013 Thread 0x000002437ea316a0 1094   !   3       jdk.internal.loader.BuiltinClassLoader::findClassOnClassPathOrNull (64 bytes)
Event: 3.013 Thread 0x000002437ea316a0 nmethod 1094 0x00000243001b7b90 code [0x00000243001b7f20, 0x00000243001b92b0]
Event: 3.013 Thread 0x000002437ea316a0 1095       1       com.jogamp.nativewindow.DefaultGraphicsDevice::getUniqueID (5 bytes)
Event: 3.014 Thread 0x000002437ea316a0 nmethod 1095 0x0000024307b45b90 code [0x0000024307b45d20, 0x0000024307b45de8]

GC Heap History (2 events):
Event: 2.310 GC heap before
{Heap before GC invocations=0 (full 0):
 garbage-first heap   total 129024K, used 24576K [0x0000000082a00000, 0x0000000100000000)
  region size 1024K, 23 young (23552K), 0 survivors (0K)
 Metaspace       used 9543K, committed 9728K, reserved 1114112K
  class space    used 682K, committed 768K, reserved 1048576K
}
Event: 2.318 GC heap after
{Heap after GC invocations=1 (full 0):
 garbage-first heap   total 129024K, used 4095K [0x0000000082a00000, 0x0000000100000000)
  region size 1024K, 3 young (3072K), 3 survivors (3072K)
 Metaspace       used 9543K, committed 9728K, reserved 1114112K
  class space    used 682K, committed 768K, reserved 1048576K
}

Dll operation events (13 events):
Event: 0.006 Loaded shared library C:\Program Files\Amazon Corretto\jdk21.0.7_6\bin\java.dll
Event: 0.029 Loaded shared library C:\Program Files\Amazon Corretto\jdk21.0.7_6\bin\jsvml.dll
Event: 0.042 Loaded shared library C:\Program Files\Amazon Corretto\jdk21.0.7_6\bin\net.dll
Event: 0.044 Loaded shared library C:\Program Files\Amazon Corretto\jdk21.0.7_6\bin\nio.dll
Event: 0.046 Loaded shared library C:\Program Files\Amazon Corretto\jdk21.0.7_6\bin\zip.dll
Event: 0.067 Loaded shared library C:\Program Files\Amazon Corretto\jdk21.0.7_6\bin\jimage.dll
Event: 0.070 Loaded shared library C:\Program Files\Amazon Corretto\jdk21.0.7_6\bin\awt.dll
Event: 0.567 Loaded shared library C:\Users\chris\AppData\Local\Temp\jogamp_0000\file_cache\jln3786798371303308625\jln2919003436143362467\natives\windows-amd64\gluegen_rt.dll
Event: 0.662 Loaded shared library C:\Program Files\Amazon Corretto\jdk21.0.7_6\bin\jawt.dll
Event: 0.884 Loaded shared library C:\Users\chris\AppData\Local\Temp\jogamp_0000\file_cache\jln3786798371303308625\jln2919003436143362467\natives\windows-amd64\nativewindow_awt.dll
Event: 1.046 Loaded shared library C:\Users\chris\AppData\Local\Temp\jogamp_0000\file_cache\jln3786798371303308625\jln2919003436143362467\natives\windows-amd64\nativewindow_win32.dll
Event: 1.280 Loaded shared library C:\Users\chris\AppData\Local\Temp\jogamp_0000\file_cache\jln3786798371303308625\jln2919003436143362467\natives\windows-amd64\jogl_desktop.dll
Event: 1.801 Loaded shared library C:\Users\chris\AppData\Local\Temp\jogamp_0000\file_cache\jln3786798371303308625\jln2919003436143362467\natives\windows-amd64\jogl_mobile.dll

Deoptimization events (20 events):
Event: 2.416 Thread 0x000002437ea07670 DEOPT PACKING pc=0x0000024307b2942c sp=0x0000007e537feeb0
Event: 2.416 Thread 0x000002437ea07670 DEOPT UNPACKING pc=0x0000024307587da2 sp=0x0000007e537fedd8 mode 2
Event: 2.616 Thread 0x000002437ea07670 Uncommon trap: trap_request=0xffffffde fr.pc=0x0000024307b2942c relative=0x000000000000090c
Event: 2.616 Thread 0x000002437ea07670 Uncommon trap: reason=class_check action=maybe_recompile pc=0x0000024307b2942c method=java.util.HashMap.putVal(ILjava/lang/Object;Ljava/lang/Object;ZZ)Ljava/lang/Object; @ 91 c2
Event: 2.616 Thread 0x000002437ea07670 DEOPT PACKING pc=0x0000024307b2942c sp=0x0000007e537feb30
Event: 2.616 Thread 0x000002437ea07670 DEOPT UNPACKING pc=0x0000024307587da2 sp=0x0000007e537fea58 mode 2
Event: 2.975 Thread 0x000002437ea07670 Uncommon trap: trap_request=0xffffffde fr.pc=0x0000024307b2942c relative=0x000000000000090c
Event: 2.975 Thread 0x000002437ea07670 Uncommon trap: reason=class_check action=maybe_recompile pc=0x0000024307b2942c method=java.util.HashMap.putVal(ILjava/lang/Object;Ljava/lang/Object;ZZ)Ljava/lang/Object; @ 91 c2
Event: 2.975 Thread 0x000002437ea07670 DEOPT PACKING pc=0x0000024307b2942c sp=0x0000007e537feb30
Event: 2.975 Thread 0x000002437ea07670 DEOPT UNPACKING pc=0x0000024307587da2 sp=0x0000007e537fea58 mode 2
Event: 2.988 Thread 0x000002437ea07670 Uncommon trap: trap_request=0xffffff45 fr.pc=0x0000024307b1652c relative=0x00000000000006cc
Event: 2.988 Thread 0x000002437ea07670 Uncommon trap: reason=unstable_if action=reinterpret pc=0x0000024307b1652c method=java.lang.Integer.getChars(II[B)I @ 25 c2
Event: 2.988 Thread 0x000002437ea07670 DEOPT PACKING pc=0x0000024307b1652c sp=0x0000007e537fefa0
Event: 2.988 Thread 0x000002437ea07670 DEOPT UNPACKING pc=0x0000024307587da2 sp=0x0000007e537feee8 mode 2
Event: 2.997 Thread 0x000002437ea07670 DEOPT PACKING pc=0x00000243001b6156 sp=0x0000007e537ff090
Event: 2.997 Thread 0x000002437ea07670 DEOPT UNPACKING pc=0x00000243075888e2 sp=0x0000007e537fe538 mode 0
Event: 3.012 Thread 0x000002436eb13650 Uncommon trap: trap_request=0xffffff45 fr.pc=0x0000024307b2be58 relative=0x0000000000000218
Event: 3.012 Thread 0x000002436eb13650 Uncommon trap: reason=unstable_if action=reinterpret pc=0x0000024307b2be58 method=java.util.HashMap.containsKey(Ljava/lang/Object;)Z @ 5 c2
Event: 3.012 Thread 0x000002436eb13650 DEOPT PACKING pc=0x0000024307b2be58 sp=0x0000007e521fea00
Event: 3.012 Thread 0x000002436eb13650 DEOPT UNPACKING pc=0x0000024307587da2 sp=0x0000007e521fe9a0 mode 2

Classes loaded (20 events):
Event: 0.931 Loading class sun/awt/SunHints$LCDContrastKey
Event: 0.931 Loading class sun/awt/SunHints$LCDContrastKey done
Event: 0.931 Loading class java/util/ComparableTimSort
Event: 0.931 Loading class java/util/ComparableTimSort done
Event: 0.931 Loading class java/beans/PropertyChangeEvent
Event: 0.932 Loading class java/beans/PropertyChangeEvent done
Event: 0.932 Loading class java/awt/Toolkit$DesktopPropertyChangeSupport$1
Event: 0.932 Loading class java/awt/Toolkit$DesktopPropertyChangeSupport$1 done
Event: 0.932 Loading class java/util/IdentityHashMap$ValueIterator
Event: 0.932 Loading class java/util/IdentityHashMap$ValueIterator done
Event: 1.046 Loading class java/lang/CloneNotSupportedException
Event: 1.046 Loading class java/lang/CloneNotSupportedException done
Event: 1.283 Loading class jdk/internal/reflect/MethodHandleLongFieldAccessorImpl
Event: 1.284 Loading class jdk/internal/reflect/MethodHandleLongFieldAccessorImpl done
Event: 1.932 Loading class sun/awt/AppContext$PostShutdownEventRunnable
Event: 1.932 Loading class sun/awt/AppContext$PostShutdownEventRunnable done
Event: 1.932 Loading class sun/awt/AWTAutoShutdown$1
Event: 1.932 Loading class sun/awt/AWTAutoShutdown$1 done
Event: 2.999 Loading class java/nio/DirectFloatBufferU
Event: 3.005 Loading class java/nio/DirectFloatBufferU done

Classes unloaded (0 events):
No events

Classes redefined (0 events):
No events

Internal exceptions (20 events):
Event: 1.559 Thread 0x000002436eb13650 Exception <a 'java/io/IOException'{0x0000000089ad14d8}> (0x0000000089ad14d8) 
thrown [s\src\hotspot\share\prims\jni.cpp, line 520]
Event: 1.564 Thread 0x000002436eb13650 Exception <a 'java/io/IOException'{0x0000000089ad8200}> (0x0000000089ad8200) 
thrown [s\src\hotspot\share\prims\jni.cpp, line 520]
Event: 1.568 Thread 0x000002436eb13650 Exception <a 'java/io/IOException'{0x0000000089adea78}> (0x0000000089adea78) 
thrown [s\src\hotspot\share\prims\jni.cpp, line 520]
Event: 1.573 Thread 0x000002436eb13650 Exception <a 'java/io/IOException'{0x0000000089ae5558}> (0x0000000089ae5558) 
thrown [s\src\hotspot\share\prims\jni.cpp, line 520]
Event: 1.578 Thread 0x000002436eb13650 Exception <a 'java/io/IOException'{0x0000000089aebc30}> (0x0000000089aebc30) 
thrown [s\src\hotspot\share\prims\jni.cpp, line 520]
Event: 1.582 Thread 0x000002436eb13650 Exception <a 'java/io/IOException'{0x0000000089af2320}> (0x0000000089af2320) 
thrown [s\src\hotspot\share\prims\jni.cpp, line 520]
Event: 1.587 Thread 0x000002436eb13650 Exception <a 'java/io/IOException'{0x0000000089af8960}> (0x0000000089af8960) 
thrown [s\src\hotspot\share\prims\jni.cpp, line 520]
Event: 1.593 Thread 0x000002436eb13650 Exception <a 'java/io/IOException'{0x0000000089aff250}> (0x0000000089aff250) 
thrown [s\src\hotspot\share\prims\jni.cpp, line 520]
Event: 1.598 Thread 0x000002436eb13650 Exception <a 'java/io/IOException'{0x0000000089906068}> (0x0000000089906068) 
thrown [s\src\hotspot\share\prims\jni.cpp, line 520]
Event: 1.602 Thread 0x000002436eb13650 Exception <a 'java/io/IOException'{0x000000008990cbc8}> (0x000000008990cbc8) 
thrown [s\src\hotspot\share\prims\jni.cpp, line 520]
Event: 1.607 Thread 0x000002436eb13650 Exception <a 'java/io/IOException'{0x00000000899135f8}> (0x00000000899135f8) 
thrown [s\src\hotspot\share\prims\jni.cpp, line 520]
Event: 1.612 Thread 0x000002436eb13650 Exception <a 'java/io/IOException'{0x000000008991a320}> (0x000000008991a320) 
thrown [s\src\hotspot\share\prims\jni.cpp, line 520]
Event: 1.616 Thread 0x000002436eb13650 Exception <a 'java/io/IOException'{0x0000000089920b98}> (0x0000000089920b98) 
thrown [s\src\hotspot\share\prims\jni.cpp, line 520]
Event: 1.621 Thread 0x000002436eb13650 Exception <a 'java/io/IOException'{0x0000000089927678}> (0x0000000089927678) 
thrown [s\src\hotspot\share\prims\jni.cpp, line 520]
Event: 1.625 Thread 0x000002436eb13650 Exception <a 'java/io/IOException'{0x000000008992db00}> (0x000000008992db00) 
thrown [s\src\hotspot\share\prims\jni.cpp, line 520]
Event: 1.630 Thread 0x000002436eb13650 Exception <a 'java/io/IOException'{0x00000000899341f0}> (0x00000000899341f0) 
thrown [s\src\hotspot\share\prims\jni.cpp, line 520]
Event: 1.634 Thread 0x000002436eb13650 Exception <a 'java/io/IOException'{0x000000008993a830}> (0x000000008993a830) 
thrown [s\src\hotspot\share\prims\jni.cpp, line 520]
Event: 1.640 Thread 0x000002436eb13650 Exception <a 'java/io/IOException'{0x0000000089941120}> (0x0000000089941120) 
thrown [s\src\hotspot\share\prims\jni.cpp, line 520]
Event: 2.421 Thread 0x000002437ea07670 Exception <a 'java/lang/NoSuchMethodError'{0x000000008a4536a8}: 'void java.lang.invoke.DirectMethodHandle$Holder.invokeSpecial(java.lang.Object, java.lang.Object, java.lang.Object)'> (0x000000008a4536a8) 
thrown [s\src\hotspot\share\interpreter\linkResolver.cpp, line 773]
Event: 2.427 Thread 0x000002437ea07670 Exception <a 'java/lang/NoSuchMethodError'{0x000000008a469688}: 'long java.lang.invoke.Invokers$Holder.invokeExact_MT(java.lang.Object, java.lang.Object, java.lang.Object)'> (0x000000008a469688) 
thrown [s\src\hotspot\share\interpreter\linkResolver.cpp, line 773]

ZGC Phase Switch (0 events):
No events

VM Operations (12 events):
Event: 0.090 Executing VM operation: HandshakeAllThreads (Deoptimize)
Event: 0.090 Executing VM operation: HandshakeAllThreads (Deoptimize) done
Event: 0.572 Executing VM operation: HandshakeAllThreads (Deoptimize)
Event: 0.572 Executing VM operation: HandshakeAllThreads (Deoptimize) done
Event: 0.919 Executing VM operation: HandshakeAllThreads (Deoptimize)
Event: 0.919 Executing VM operation: HandshakeAllThreads (Deoptimize) done
Event: 0.927 Executing VM operation: HandshakeAllThreads (Deoptimize)
Event: 0.927 Executing VM operation: HandshakeAllThreads (Deoptimize) done
Event: 1.916 Executing VM operation: Cleanup
Event: 1.916 Executing VM operation: Cleanup done
Event: 2.310 Executing VM operation: G1CollectForAllocation (G1 Evacuation Pause)
Event: 2.318 Executing VM operation: G1CollectForAllocation (G1 Evacuation Pause) done

Memory protections (0 events):
No events

Nmethod flushes (0 events):
No events

Events (20 events):
Event: 0.016 Thread 0x000002436eb13650 Thread added: 0x000002436eb13650
Event: 0.026 Thread 0x000002436eb13650 Thread added: 0x000002437e9fd8d0
Event: 0.026 Thread 0x000002436eb13650 Thread added: 0x000002437ea007d0
Event: 0.027 Thread 0x000002436eb13650 Thread added: 0x000002437ea03700
Event: 0.027 Thread 0x000002436eb13650 Thread added: 0x000002437ea05780
Event: 0.027 Thread 0x000002436eb13650 Thread added: 0x000002437ea07d00
Event: 0.027 Thread 0x000002436eb13650 Thread added: 0x000002437ea08390
Event: 0.027 Thread 0x000002436eb13650 Thread added: 0x000002437ea0d8e0
Event: 0.027 Thread 0x000002436eb13650 Thread added: 0x000002437ea316a0
Event: 0.038 Thread 0x000002436eb13650 Thread added: 0x000002437ea08a20
Event: 0.040 Thread 0x000002436eb13650 Thread added: 0x000002437ea0a460
Event: 0.294 Thread 0x000002436eb13650 Thread added: 0x000002437ea090b0
Event: 0.299 Thread 0x000002437ea090b0 Thread exited: 0x000002437ea090b0
Event: 0.650 Thread 0x000002436eb13650 Thread added: 0x000002437ea0aaf0
Event: 0.652 Thread 0x000002436eb13650 Thread added: 0x000002437ea090b0
Event: 0.653 Thread 0x000002436eb13650 Thread added: 0x000002437ea09740
Event: 0.922 Thread 0x000002436eb13650 Thread added: 0x000002437ea09dd0
Event: 1.294 Thread 0x000002436eb13650 Thread added: 0x000002437ea07670
Event: 1.932 Thread 0x000002437ea09dd0 Thread exited: 0x000002437ea09dd0
Event: 1.933 Thread 0x000002437ea090b0 Thread exited: 0x000002437ea090b0


Dynamic libraries:
0x00007ff788c20000 - 0x00007ff788c2e000 	C:\Program Files\Amazon Corretto\jdk21.0.7_6\bin\java.exe
0x00007ffe311a0000 - 0x00007ffe31409000 	C:\WINDOWS\SYSTEM32\ntdll.dll
0x00007ffdfa810000 - 0x00007ffdfa830000 	C:\Program Files\Norton\Suite\aswhook.dll
0x00007ffe306a0000 - 0x00007ffe30769000 	C:\WINDOWS\System32\KERNEL32.DLL
0x00007ffe2e330000 - 0x00007ffe2e723000 	C:\WINDOWS\System32\KERNELBASE.dll
0x00007ffe2eba0000 - 0x00007ffe2eceb000 	C:\WINDOWS\System32\ucrtbase.dll
0x00007ffe0a4a0000 - 0x00007ffe0a4bb000 	C:\Program Files\Amazon Corretto\jdk21.0.7_6\bin\VCRUNTIME140.dll
0x00007ffe148e0000 - 0x00007ffe148f8000 	C:\Program Files\Amazon Corretto\jdk21.0.7_6\bin\jli.dll
0x00007ffe2fad0000 - 0x00007ffe2fc94000 	C:\WINDOWS\System32\USER32.dll
0x00007ffe129d0000 - 0x00007ffe12c63000 	C:\WINDOWS\WinSxS\amd64_microsoft.windows.common-controls_6595b64144ccf1df_6.0.26100.5074_none_3e0d6f78e32fd63f\COMCTL32.dll
0x00007ffe2eb70000 - 0x00007ffe2eb97000 	C:\WINDOWS\System32\win32u.dll
0x00007ffe30ce0000 - 0x00007ffe30d89000 	C:\WINDOWS\System32\msvcrt.dll
0x00007ffe2f290000 - 0x00007ffe2f2bb000 	C:\WINDOWS\System32\GDI32.dll
0x00007ffe2ecf0000 - 0x00007ffe2ee1d000 	C:\WINDOWS\System32\gdi32full.dll
0x00007ffe2eec0000 - 0x00007ffe2ef63000 	C:\WINDOWS\System32\msvcp_win.dll
0x00007ffe307f0000 - 0x00007ffe3081f000 	C:\WINDOWS\System32\IMM32.DLL
0x00007ffe14b30000 - 0x00007ffe14b3c000 	C:\Program Files\Amazon Corretto\jdk21.0.7_6\bin\vcruntime140_1.dll
0x00007ffdf5830000 - 0x00007ffdf58bd000 	C:\Program Files\Amazon Corretto\jdk21.0.7_6\bin\msvcp140.dll
0x00007ffda5400000 - 0x00007ffda619f000 	C:\Program Files\Amazon Corretto\jdk21.0.7_6\bin\server\jvm.dll
0x00007ffe2fa10000 - 0x00007ffe2fac4000 	C:\WINDOWS\System32\ADVAPI32.dll
0x00007ffe30f00000 - 0x00007ffe30fa6000 	C:\WINDOWS\System32\sechost.dll
0x00007ffe30bc0000 - 0x00007ffe30cd8000 	C:\WINDOWS\System32\RPCRT4.dll
0x00007ffe30770000 - 0x00007ffe307e4000 	C:\WINDOWS\System32\WS2_32.dll
0x00007ffe2e190000 - 0x00007ffe2e1ee000 	C:\WINDOWS\SYSTEM32\POWRPROF.dll
0x00007ffe25800000 - 0x00007ffe25835000 	C:\WINDOWS\SYSTEM32\WINMM.dll
0x00007ffe1fe10000 - 0x00007ffe1fe1b000 	C:\WINDOWS\SYSTEM32\VERSION.dll
0x00007ffe2e170000 - 0x00007ffe2e184000 	C:\WINDOWS\SYSTEM32\UMPDC.dll
0x00007ffe2d110000 - 0x00007ffe2d12b000 	C:\WINDOWS\SYSTEM32\kernel.appcore.dll
0x00007ffe14b90000 - 0x00007ffe14b9a000 	C:\Program Files\Amazon Corretto\jdk21.0.7_6\bin\jimage.dll
0x00007ffe2bae0000 - 0x00007ffe2bd22000 	C:\WINDOWS\SYSTEM32\DBGHELP.DLL
0x00007ffe30830000 - 0x00007ffe30bab000 	C:\WINDOWS\System32\combase.dll
0x00007ffe2f930000 - 0x00007ffe2fa07000 	C:\WINDOWS\System32\OLEAUT32.dll
0x00007ffe1ced0000 - 0x00007ffe1cf0d000 	C:\WINDOWS\SYSTEM32\dbgcore.DLL
0x00007ffe2ee20000 - 0x00007ffe2eeb9000 	C:\WINDOWS\System32\bcryptPrimitives.dll
0x00007ffe09230000 - 0x00007ffe0924f000 	C:\Program Files\Amazon Corretto\jdk21.0.7_6\bin\java.dll
0x00007ffe2ff40000 - 0x00007ffe3068d000 	C:\WINDOWS\System32\SHELL32.dll
0x00007ffe2e730000 - 0x00007ffe2e89c000 	C:\WINDOWS\System32\wintypes.dll
0x00007ffe2bf60000 - 0x00007ffe2c7b9000 	C:\WINDOWS\SYSTEM32\windows.storage.dll
0x00007ffe2fca0000 - 0x00007ffe2fd90000 	C:\WINDOWS\System32\SHCORE.dll
0x00007ffe310e0000 - 0x00007ffe31142000 	C:\WINDOWS\System32\shlwapi.dll
0x00007ffe2e250000 - 0x00007ffe2e279000 	C:\WINDOWS\SYSTEM32\profapi.dll
0x00007ffde3620000 - 0x00007ffde36f7000 	C:\Program Files\Amazon Corretto\jdk21.0.7_6\bin\jsvml.dll
0x00007ffe14930000 - 0x00007ffe14940000 	C:\Program Files\Amazon Corretto\jdk21.0.7_6\bin\net.dll
0x00007ffe27e00000 - 0x00007ffe27f1f000 	C:\WINDOWS\SYSTEM32\WINHTTP.dll
0x00007ffe2d690000 - 0x00007ffe2d6fb000 	C:\WINDOWS\system32\mswsock.dll
0x00007ffe09130000 - 0x00007ffe09146000 	C:\Program Files\Amazon Corretto\jdk21.0.7_6\bin\nio.dll
0x00007ffe09110000 - 0x00007ffe09128000 	C:\Program Files\Amazon Corretto\jdk21.0.7_6\bin\zip.dll
0x00007ffde1e80000 - 0x00007ffde200e000 	C:\Program Files\Amazon Corretto\jdk21.0.7_6\bin\awt.dll
0x00007ffe2aff0000 - 0x00007ffe2b08e000 	C:\WINDOWS\SYSTEM32\apphelp.dll
0x00007ffe2d940000 - 0x00007ffe2d95b000 	C:\WINDOWS\SYSTEM32\CRYPTSP.dll
0x00007ffe2d070000 - 0x00007ffe2d0ab000 	C:\WINDOWS\system32\rsaenh.dll
0x00007ffe2d730000 - 0x00007ffe2d75b000 	C:\WINDOWS\SYSTEM32\USERENV.dll
0x00007ffe2e220000 - 0x00007ffe2e246000 	C:\WINDOWS\SYSTEM32\bcrypt.dll
0x00007ffe2d930000 - 0x00007ffe2d93c000 	C:\WINDOWS\SYSTEM32\CRYPTBASE.dll
0x00007ffe2cb40000 - 0x00007ffe2cb74000 	C:\WINDOWS\SYSTEM32\IPHLPAPI.DLL
0x00007ffe30bb0000 - 0x00007ffe30bba000 	C:\WINDOWS\System32\NSI.dll
0x00007ffe090f0000 - 0x00007ffe09103000 	C:\Users\chris\AppData\Local\Temp\jogamp_0000\file_cache\jln3786798371303308625\jln2919003436143362467\natives\windows-amd64\gluegen_rt.dll
0x00007ffe2b270000 - 0x00007ffe2b318000 	C:\WINDOWS\system32\uxtheme.dll
0x00007ffe30d90000 - 0x00007ffe30ee8000 	C:\WINDOWS\System32\MSCTF.dll
0x00007ffe2fda0000 - 0x00007ffe2ff38000 	C:\WINDOWS\System32\ole32.dll
0x00007ffe14870000 - 0x00007ffe14877000 	C:\Program Files\Amazon Corretto\jdk21.0.7_6\bin\jawt.dll
0x00007ffe14230000 - 0x00007ffe1423d000 	C:\Users\chris\AppData\Local\Temp\jogamp_0000\file_cache\jln3786798371303308625\jln2919003436143362467\natives\windows-amd64\nativewindow_awt.dll
0x00007ffe2b4d0000 - 0x00007ffe2b4fb000 	C:\WINDOWS\system32\DWMAPI.DLL
0x00007ffdf3de0000 - 0x00007ffdf3eec000 	C:\WINDOWS\system32\opengl32.dll
0x00007ffdf3fb0000 - 0x00007ffdf3fdd000 	C:\WINDOWS\SYSTEM32\GLU32.dll
0x00007ffe2b510000 - 0x00007ffe2b554000 	C:\WINDOWS\SYSTEM32\dxcore.dll
0x00007ffe073c0000 - 0x00007ffe073d5000 	C:\Users\chris\AppData\Local\Temp\jogamp_0000\file_cache\jln3786798371303308625\jln2919003436143362467\natives\windows-amd64\nativewindow_win32.dll
0x00007ffdebc80000 - 0x00007ffdebd11000 	C:\Users\chris\AppData\Local\Temp\jogamp_0000\file_cache\jln3786798371303308625\jln2919003436143362467\natives\windows-amd64\jogl_desktop.dll
0x00007ffe01750000 - 0x00007ffe017af000 	C:\Users\chris\AppData\Local\Temp\jogamp_0000\file_cache\jln3786798371303308625\jln2919003436143362467\natives\windows-amd64\jogl_mobile.dll
0x00007ffe281c0000 - 0x00007ffe28220000 	C:\WINDOWS\SYSTEM32\directxdatabasehelper.dll
0x00007ffe15970000 - 0x00007ffe1598a000 	C:\WINDOWS\SYSTEM32\windows.staterepositorycore.dll
0x00007ffd90b50000 - 0x00007ffd920a1000 	C:\WINDOWS\System32\DriverStore\FileRepository\iigd_dch.inf_amd64_9711ec5d8e932518\igxelpicd64.dll
0x00007ffe2b370000 - 0x00007ffe2b4aa000 	C:\WINDOWS\SYSTEM32\dxgi.dll
0x00007ffe10e80000 - 0x00007ffe10ea3000 	C:\WINDOWS\SYSTEM32\d3d12.dll
0x00007ffde0aa0000 - 0x00007ffde0c47000 	C:\WINDOWS\System32\DriverStore\FileRepository\iigd_dch.inf_amd64_9711ec5d8e932518\igdml64.dll
0x00007ffe2dec0000 - 0x00007ffe2df17000 	C:\WINDOWS\SYSTEM32\cfgmgr32.dll
0x00007ffe24f90000 - 0x00007ffe25523000 	C:\WINDOWS\System32\DriverStore\FileRepository\iigd_dch.inf_amd64_9711ec5d8e932518\igdgmm64.dll
0x00007ffe1fe60000 - 0x00007ffe24f86000 	C:\WINDOWS\System32\DriverStore\FileRepository\iigd_dch.inf_amd64_9711ec5d8e932518\igc64.dll

dbghelp: loaded successfully - version: 4.0.5 - missing functions: none
symbol engine: initialized successfully - sym options: 0x614 - pdb path: .;C:\Program Files\Amazon Corretto\jdk21.0.7_6\bin;C:\WINDOWS\SYSTEM32;C:\Program Files\Norton\Suite;C:\WINDOWS\WinSxS\amd64_microsoft.windows.common-controls_6595b64144ccf1df_6.0.26100.5074_none_3e0d6f78e32fd63f;C:\Program Files\Amazon Corretto\jdk21.0.7_6\bin\server;C:\Users\chris\AppData\Local\Temp\jogamp_0000\file_cache\jln3786798371303308625\jln2919003436143362467\natives\windows-amd64;C:\WINDOWS\System32\DriverStore\FileRepository\iigd_dch.inf_amd64_9711ec5d8e932518

VM Arguments:
java_command: cubeTest
java_class_path (initial): lib/gluegen-rt.jar;lib/gluegen-rt-natives-windows-amd64.jar;lib/jogl-all.jar;lib/jogl-all-natives-windows-amd64.jar;
Launcher Type: SUN_STANDARD

[Global flags]
     intx CICompilerCount                          = 4                                         {product} {ergonomic}
     uint ConcGCThreads                            = 2                                         {product} {ergonomic}
     uint G1ConcRefinementThreads                  = 8                                         {product} {ergonomic}
   size_t G1HeapRegionSize                         = 1048576                                   {product} {ergonomic}
    uintx GCDrainStackTargetSize                   = 64                                        {product} {ergonomic}
   size_t InitialHeapSize                          = 132120576                                 {product} {ergonomic}
   size_t MarkStackSize                            = 4194304                                   {product} {ergonomic}
   size_t MaxHeapSize                              = 2103443456                                {product} {ergonomic}
   size_t MaxNewSize                               = 1261436928                                {product} {ergonomic}
   size_t MinHeapDeltaBytes                        = 1048576                                   {product} {ergonomic}
   size_t MinHeapSize                              = 8388608                                   {product} {ergonomic}
    uintx NonNMethodCodeHeapSize                   = 5839372                                {pd product} {ergonomic}
    uintx NonProfiledCodeHeapSize                  = 122909434                              {pd product} {ergonomic}
    uintx ProfiledCodeHeapSize                     = 122909434                              {pd product} {ergonomic}
    uintx ReservedCodeCacheSize                    = 251658240                              {pd product} {ergonomic}
     bool SegmentedCodeCache                       = true                                      {product} {ergonomic}
   size_t SoftMaxHeapSize                          = 2103443456                             {manageable} {ergonomic}
     bool UseCompressedOops                        = true                           {product lp64_product} {ergonomic}
     bool UseG1GC                                  = true                                      {product} {ergonomic}
     bool UseLargePagesIndividualAllocation        = false                                  {pd product} {ergonomic}

Logging:
Log output configuration:
 #0: stdout all=warning uptime,level,tags foldmultilines=false
 #1: stderr all=off uptime,level,tags foldmultilines=false

Environment Variables:
JAVA_HOME=C:\Program Files\Amazon Corretto\jdk21.0.7_6
PATH=C:\Program Files\Amazon Corretto\jdk21.0.7_6\bin;C:\Python312\Scripts\;C:\Python312\;C:\Program Files\Amazon Corretto\jdk11.0.25_9\bin;C:\WINDOWS\system32;C:\WINDOWS;C:\WINDOWS\System32\Wbem;C:\WINDOWS\System32\WindowsPowerShell\v1.0\;C:\WINDOWS\System32\OpenSSH\;C:\Program Files\nodejs\;C:\ProgramData\chocolatey\bin;C:\Program Files\Git\cmd;C:\Python312\Scripts\;C:\Python312\;C:\Program Files\Amazon Corretto\jdk11.0.25_9\bin;C:\WINDOWS\system32;C:\WINDOWS;C:\WINDOWS\System32\Wbem;C:\WINDOWS\System32\WindowsPowerShell\v1.0\;C:\WINDOWS\System32\OpenSSH\;C:\Program Files\nodejs\;C:\ProgramData\chocolatey\bin;C:\Program Files\Git\cmd;C:\Users\chris\AppData\Local\Microsoft\WindowsApps;C:\Users\chris\AppData\Local\Programs\Microsoft VS Code\bin;C:\Users\chris\AppData\Roaming\npm;C:\Program Files\MinGW32\bin;C:\Program Files\MinGW32\bin"
USERNAME=chris
LANG=en_US.UTF-8
OS=Windows_NT
PROCESSOR_IDENTIFIER=Intel64 Family 6 Model 140 Stepping 1, GenuineIntel
TMP=C:\Users\chris\AppData\Local\Temp
TEMP=C:\Users\chris\AppData\Local\Temp




Periodic native trim disabled

---------------  S Y S T E M  ---------------

OS:
 Windows 11 , 64 bit Build 26100 (10.0.26100.5074)
OS uptime: 0 days 7:18 hours
Hyper-V role detected

CPU: total 8 (initial active 8) (4 cores per cpu, 2 threads per core) family 6 model 140 stepping 1 microcode 0xba, cx8, cmov, fxsr, ht, mmx, 3dnowpref, sse, sse2, sse3, ssse3, sse4.1, sse4.2, popcnt, lzcnt, tsc, tscinvbit, avx, avx2, aes, erms, clmul, bmi1, bmi2, adx, avx512f, avx512dq, avx512cd, avx512bw, avx512vl, sha, fma, vzeroupper, avx512_vpopcntdq, avx512_vpclmulqdq, avx512_vaes, avx512_vnni, clflush, clflushopt, clwb, avx512_vbmi2, avx512_vbmi, hv, rdtscp, rdpid, fsrm, gfni, avx512_bitalg, f16c, cet_ibt, cet_ss, avx512_ifma
Processor Information for the first 8 processors :
  Max Mhz: 2419, Current Mhz: 2419, Mhz Limit: 2419

Memory: 4k page, system-wide physical 8017M (1309M free)
TotalPageFile size 13905M (AvailPageFile size 1702M)
current process WorkingSet (physical memory assigned to process): 159M, peak: 159M
current process commit charge ("private bytes"): 289M, peak: 289M

vm_info: OpenJDK 64-Bit Server VM (21.0.7+6-LTS) for windows-amd64 JRE (21.0.7+6-LTS), built on 2025-04-14T16:08:54Z by "Administrator" with MS VC++ 16.10 / 16.11 (VS2019)

END.
