#
# A fatal error has been detected by the Java Runtime Environment:
#
#  EXCEPTION_ACCESS_VIOLATION (0xc0000005) at pc=0x00007ffd9123d08a, pid=23148, tid=12044
#
# JRE version: OpenJDK Runtime Environment Corretto-21.0.7.6.1 (21.0.7+6) (build 21.0.7+6-LTS)
# Java VM: OpenJDK 64-Bit Server VM Corretto-21.0.7.6.1 (21.0.7+6-LTS, mixed mode, sharing, tiered, compressed oops, compressed class ptrs, g1 gc, windows-amd64)
# Problematic frame:
# C  [igxelpicd64.dll+0x6ed08a]
#
# No core dump will be written. Minidumps are not enabled by default on client versions of Windows
#
# If you would like to submit a bug report, please visit:
#   https://github.com/corretto/corretto-21/issues/
# The crash happened outside the Java Virtual Machine in native code.
# See problematic frame for where to report the bug.
#

---------------  S U M M A R Y ------------

Command Line: cubeTest

Host: 11th Gen Intel(R) Core(TM) i5-1135G7 @ 2.40GHz, 8 cores, 7G,  Windows 11 , 64 bit Build 26100 (10.0.26100.5074)
Time: Thu Oct  2 23:18:20 2025 Central Daylight Time elapsed time: 2.041390 seconds (0d 0h 0m 2s)

---------------  T H R E A D  ---------------

Current thread (0x000001fb18bb4270):  JavaThread "main"             [_thread_in_native, id=12044, stack(0x000000840e300000,0x000000840e400000) (1024K)]

Stack: [0x000000840e300000,0x000000840e400000],  sp=0x000000840e3fb970,  free space=1006k
Native frames: (J=compiled Java code, j=interpreted, Vv=VM code, C=native code)
C  [igxelpicd64.dll+0x6ed08a]

Java frames: (J=compiled Java code, j=interpreted, Vv=VM code)
j  jogamp.opengl.gl4.GL4bcImpl.dispatch_glLinkProgram1(IJ)V+0
j  jogamp.opengl.gl4.GL4bcImpl.glLinkProgram(I)V+40
j  renderer.pipelineGL.Pipeline.render(Lrenderer/scene/Scene;Lrenderer/framebuffer/FrameBuffer$Viewport;)V+406
j  renderer.pipelineGL.Pipeline.render(Lrenderer/scene/Scene;Lrenderer/framebuffer/FrameBuffer;)V+5
j  cubeTest.main([Ljava/lang/String;)V+201
v  ~StubRoutines::call_stub 0x000001fb2aa110e7

siginfo: EXCEPTION_ACCESS_VIOLATION (0xc0000005), reading address 0x0000000000000000


Registers:
RAX=0x000001fb055bafe8, RBX=0x0000000000000000, RCX=0x000001fb055bb000, RDX=0x0000000000000003
RSP=0x000000840e3fb970, RBP=0x0000000000000003, RSI=0x0000000000000003, RDI=0x000001fb055b85d0
R8 =0x0000000000000001, R9 =0x00007ffd9123af26, R10=0x0000000000000000, R11=0x000000840e3fb900
R12=0x0000000000000000, R13=0x000000840e3fbc70, R14=0x000001fb05a64a80, R15=0x0000000000000000
RIP=0x00007ffd9123d08a, EFLAGS=0x0000000000010206

XMM[0]=0x000001fb00000000 0x0000000000000020
XMM[1]=0x000001fb05a7c270 0x000001fb05a7b610
XMM[2]=0x000001fb05a7c1e0 0x000001fb05a7c270
XMM[3]=0x0000000000000000 0x0000000000000000
XMM[4]=0x0000000100000001 0x0000000100000001
XMM[5]=0x4c43442e4153496e 0x65472e786e65672e
XMM[6]=0x0000000000000000 0xf5f85efb8a0cc26e
XMM[7]=0x0000000000000000 0x84464b6f3abc5271
XMM[8]=0x0000000000000000 0xf9d9836861e752d2
XMM[9]=0x0000000000000000 0xc940ee1d5cc5465f
XMM[10]=0x0000000000000000 0x0000000093845842
XMM[11]=0x0000000000000000 0x50694de0ad2e943f
XMM[12]=0x0000000000000000 0x000000005cc5465f
XMM[13]=0x0000000000000000 0x0000000000000000
XMM[14]=0x0000000000000000 0x0000000000000000
XMM[15]=0x0000000000000000 0x0000000000000000
  MXCSR=0x00001fa0


Register to memory mapping:

RAX=0x000001fb055bafe8 points into unknown readable memory: 0x000001fb055b85d8 | d8 85 5b 05 fb 01 00 00
RBX=0x0 is null
RCX=0x000001fb055bb000 points into unknown readable memory: 0x000001fb055b94e8 | e8 94 5b 05 fb 01 00 00
RDX=0x0000000000000003 is an unknown value
RSP=0x000000840e3fb970 is pointing into the stack for thread: 0x000001fb18bb4270
RBP=0x0000000000000003 is an unknown value
RSI=0x0000000000000003 is an unknown value
RDI=0x000001fb055b85d0 points into unknown readable memory: 0x00007ffd91aea360 | 60 a3 ae 91 fd 7f 00 00
R8 =0x0000000000000001 is an unknown value
R9 =0x00007ffd9123af26 igxelpicd64.dll
R10=0x0 is null
R11=0x000000840e3fb900 is pointing into the stack for thread: 0x000001fb18bb4270
R12=0x0 is null
R13=0x000000840e3fbc70 is pointing into the stack for thread: 0x000001fb18bb4270
R14=0x000001fb05a64a80 points into unknown readable memory: 0x000001fb055bafe8 | e8 af 5b 05 fb 01 00 00
R15=0x0 is null

Top of Stack: (sp=0x000000840e3fb970)
0x000000840e3fb970:   000001fb066edbf8 000000840e3fbc70
0x000000840e3fb980:   000001fb055b9403 0000000000000003
0x000000840e3fb990:   0000000000000000 000000840e3fbc80
0x000000840e3fb9a0:   0000000000000001 000000840e3fbc70
0x000000840e3fb9b0:   000001fb066ed398 00007ffe311f0e14
0x000000840e3fb9c0:   00007ffd91a61900 00007ffd91a624c0
0x000000840e3fb9d0:   0000000000000000 00000000ffffffff
0x000000840e3fb9e0:   00007ffd91a624c0 0000000000000000
0x000000840e3fb9f0:   00000000ffffffff 0000000000000000
0x000000840e3fba00:   0000000000000000 00007f0000000000
0x000000840e3fba10:   0000000000000000 0000000000000000
0x000000840e3fba20:   0000000000000000 0000000001000000
0x000000840e3fba30:   0000000003000000 ff00000000000000
0x000000840e3fba40:   ffffffff0effffff ffffffffffffffff
0x000000840e3fba50:   ffffffffffffffff ffff00ffffffffff
0x000000840e3fba60:   0000ffffffffffff 0000010400000000
0x000000840e3fba70:   000000840e3fba80 0000001000000004
0x000000840e3fba80:   000001fb05a64480 000001fb05a64600
0x000000840e3fba90:   000001fb05a64fc0 000001fb05a64a80
0x000000840e3fbaa0:   000000840e3fbcb0 00007ffe311f0e14
0x000000840e3fbab0:   000001fb00000002 0000000000000000
0x000000840e3fbac0:   0000000000000000 0000000000000000
0x000000840e3fbad0:   0000000000000068 000000840e3fbc80
0x000000840e3fbae0:   0000000000000001 0000000000000000
0x000000840e3fbaf0:   0000000000000000 00007ffd9158ea44
0x000000840e3fbb00:   0000000000000001 000000840e3fbb18
0x000000840e3fbb10:   0000001000000003 000001fb05a7b610
0x000000840e3fbb20:   000001fb05a7c270 000001fb05a7c1e0
0x000000840e3fbb30:   0000000000000000 000001fb18b80000
0x000000840e3fbb40:   0000000000000003 0000000000000008
0x000000840e3fbb50:   000001fb056e6bf0 00007ffd9106891d
0x000000840e3fbb60:   0000000000000010 000001fb067b3478 

Instructions: (pc=0x00007ffd9123d08a)
0x00007ffd9123cf8a:   ce b0 18 fa 00 4c 8d 8c 24 00 01 00 00 45 33 c0
0x00007ffd9123cf9a:   48 8b d3 48 8b cf ff 15 62 57 80 00 44 8b f8 85
0x00007ffd9123cfaa:   c0 0f 85 dd 01 00 00 49 8b 5d 38 48 8b 03 48 8b
0x00007ffd9123cfba:   cb 48 8b 40 08 ff 15 43 57 80 00 48 0f be c8 48
0x00007ffd9123cfca:   8b 84 ce b0 18 fa 00 4c 8d 8c 24 98 01 00 00 45
0x00007ffd9123cfda:   33 c0 48 8b d3 48 8b cf ff 15 20 57 80 00 44 8b
0x00007ffd9123cfea:   f8 85 c0 0f 85 9b 01 00 00 33 f6 48 8d 8c 24 00
0x00007ffd9123cffa:   01 00 00 e8 3e fa 44 00 85 c0 0f 84 3d 01 00 00
0x00007ffd9123d00a:   4c 8b 6c 24 38 90 8b ee 8b d6 48 8d 8c 24 00 01
0x00007ffd9123d01a:   00 00 e8 ff 7d ff ff 4c 8b 30 49 8b 1e 80 7b 08
0x00007ffd9123d02a:   0f 75 07 48 8b 43 10 48 8b 18 ba 10 00 00 00 48
0x00007ffd9123d03a:   8b cb e8 ef a6 10 00 84 c0 75 07 38 43 08 b3 03
0x00007ffd9123d04a:   75 02 b3 02 8b d6 48 8d 4c 24 50 e8 36 f3 db ff
0x00007ffd9123d05a:   44 0f b6 c3 0f b6 d0 48 8d 4c 24 30 e8 85 de ff
0x00007ffd9123d06a:   ff 48 8b d5 48 8d 8c 24 98 01 00 00 e8 a5 7d ff
0x00007ffd9123d07a:   ff 48 8b 18 44 8b 44 24 30 49 8b 06 48 8b 48 10
0x00007ffd9123d08a:   48 8b 03 48 3b 01 74 6f 48 3b 87 00 01 00 00 74
0x00007ffd9123d09a:   55 33 d2 41 8d 40 ff 83 f8 06 77 58 48 98 4c 8d
0x00007ffd9123d0aa:   05 51 2f 91 ff 41 8b 8c 80 0c d2 6e 00 49 03 c8
0x00007ffd9123d0ba:   ff e1 48 8b d3 48 8b cf e8 79 6e 00 00 eb 32 48
0x00007ffd9123d0ca:   8b d3 48 8b cf e8 2c 70 00 00 eb 25 48 8b d3 48
0x00007ffd9123d0da:   8b cf e8 5f 73 00 00 eb 18 48 8b d3 48 8b cf e8
0x00007ffd9123d0ea:   d2 71 00 00 eb 0b 48 8b d3 48 8b cf e8 d5 74 00
0x00007ffd9123d0fa:   00 48 8b d0 48 8b da 45 33 c9 4d 8b c6 48 8b d3
0x00007ffd9123d10a:   48 8d 4f 10 e8 8d c8 5f 00 4d 85 e4 75 0e 48 8b
0x00007ffd9123d11a:   d5 49 8b cd e8 fd 7c ff ff 48 89 18 ff c6 48 8d
0x00007ffd9123d12a:   8c 24 00 01 00 00 e8 0b f9 44 00 3b f0 0f 82 d3
0x00007ffd9123d13a:   fe ff ff 4c 8b 6c 24 40 48 8b 6c 24 38 4d 85 e4
0x00007ffd9123d14a:   74 19 4c 8b cd 4d 8b c4 49 8b 55 30 48 8b cf e8
0x00007ffd9123d15a:   92 ec ff ff 44 8b f8 85 c0 75 29 80 bf 50 01 00
0x00007ffd9123d16a:   00 01 75 20 48 8b 07 4c 8d 84 24 00 01 00 00 49
0x00007ffd9123d17a:   8b 55 30 48 8b cf 48 8b 80 90 00 00 00 ff 15 7b 


Stack slot to memory mapping:

stack at sp + 0 slots: 0x000001fb066edbf8 points into unknown readable memory: 0x00007ffd91a63910 | 10 39 a6 91 fd 7f 00 00
stack at sp + 1 slots: 0x000000840e3fbc70 is pointing into the stack for thread: 0x000001fb18bb4270
stack at sp + 2 slots: 0x000001fb055b9403 points into unknown readable memory: 00 00 00 00 00
stack at sp + 3 slots: 0x0000000000000003 is an unknown value
stack at sp + 4 slots: 0x0 is null
stack at sp + 5 slots: 0x000000840e3fbc80 is pointing into the stack for thread: 0x000001fb18bb4270
stack at sp + 6 slots: 0x0000000000000001 is an unknown value
stack at sp + 7 slots: 0x000000840e3fbc70 is pointing into the stack for thread: 0x000001fb18bb4270


---------------  P R O C E S S  ---------------

Threads class SMR info:
_java_thread_list=0x000001fb7e08d270, length=14, elements={
0x000001fb18bb4270, 0x000001fb3798b170, 0x000001fb3798ddd0, 0x000001fb37990830,
0x000001fb37991280, 0x000001fb37993f50, 0x000001fb37998af0, 0x000001fb3799bc10,
0x000001fb379ac930, 0x000001fb37b4e910, 0x000001fb37b4efa0, 0x000001fb37b4f630,
0x000001fb37b51070, 0x000001fb37b51d90
}

Java Threads: ( => current thread )
=>0x000001fb18bb4270 JavaThread "main"                              [_thread_in_native, id=12044, stack(0x000000840e300000,0x000000840e400000) (1024K)]
  0x000001fb3798b170 JavaThread "Reference Handler"          daemon [_thread_blocked, id=12484, stack(0x000000840eb00000,0x000000840ec00000) (1024K)]
  0x000001fb3798ddd0 JavaThread "Finalizer"                  daemon [_thread_blocked, id=22188, stack(0x000000840ec00000,0x000000840ed00000) (1024K)]
  0x000001fb37990830 JavaThread "Signal Dispatcher"          daemon [_thread_blocked, id=23044, stack(0x000000840ed00000,0x000000840ee00000) (1024K)]
  0x000001fb37991280 JavaThread "Attach Listener"            daemon [_thread_blocked, id=12340, stack(0x000000840ee00000,0x000000840ef00000) (1024K)]
  0x000001fb37993f50 JavaThread "Service Thread"             daemon [_thread_blocked, id=17380, stack(0x000000840ef00000,0x000000840f000000) (1024K)]
  0x000001fb37998af0 JavaThread "Monitor Deflation Thread"   daemon [_thread_blocked, id=4072, stack(0x000000840f000000,0x000000840f100000) (1024K)]
  0x000001fb3799bc10 JavaThread "C2 CompilerThread0"         daemon [_thread_blocked, id=10824, stack(0x000000840f100000,0x000000840f200000) (1024K)]
  0x000001fb379ac930 JavaThread "C1 CompilerThread0"         daemon [_thread_blocked, id=18916, stack(0x000000840f200000,0x000000840f300000) (1024K)]
  0x000001fb37b4e910 JavaThread "Notification Thread"        daemon [_thread_blocked, id=20616, stack(0x000000840f300000,0x000000840f400000) (1024K)]
  0x000001fb37b4efa0 JavaThread "Common-Cleaner"             daemon [_thread_blocked, id=1436, stack(0x000000840f400000,0x000000840f500000) (1024K)]
  0x000001fb37b4f630 JavaThread "Java2D Disposer"            daemon [_thread_blocked, id=8224, stack(0x000000840f500000,0x000000840f600000) (1024K)]
  0x000001fb37b51070 JavaThread "AWT-Windows"                daemon [_thread_in_native, id=20712, stack(0x000000840f700000,0x000000840f800000) (1024K)]
  0x000001fb37b51d90 JavaThread "main-SharedResourceRunner"  daemon [_thread_blocked, id=17432, stack(0x000000840f900000,0x000000840fa00000) (1024K)]
Total: 14

Other Threads:
  0x000001fb3796d430 VMThread "VM Thread"                           [id=18380, stack(0x000000840ea00000,0x000000840eb00000) (1024K)]
  0x000001fb3795d710 WatcherThread "VM Periodic Task Thread"        [id=14176, stack(0x000000840e900000,0x000000840ea00000) (1024K)]
  0x000001fb1ae44e70 WorkerThread "GC Thread#0"                     [id=18928, stack(0x000000840e400000,0x000000840e500000) (1024K)]
  0x000001fb05384460 WorkerThread "GC Thread#1"                     [id=19596, stack(0x000000840fe00000,0x000000840ff00000) (1024K)]
  0x000001fb05384800 WorkerThread "GC Thread#2"                     [id=21364, stack(0x000000840ff00000,0x0000008410000000) (1024K)]
  0x000001fb05384ba0 WorkerThread "GC Thread#3"                     [id=17476, stack(0x0000008410000000,0x0000008410100000) (1024K)]
  0x000001fb05384f40 WorkerThread "GC Thread#4"                     [id=19024, stack(0x0000008410100000,0x0000008410200000) (1024K)]
  0x000001fb053852e0 WorkerThread "GC Thread#5"                     [id=17624, stack(0x0000008410200000,0x0000008410300000) (1024K)]
  0x000001fb0535a2c0 WorkerThread "GC Thread#6"                     [id=11280, stack(0x0000008410300000,0x0000008410400000) (1024K)]
  0x000001fb05268d40 WorkerThread "GC Thread#7"                     [id=4272, stack(0x0000008410400000,0x0000008410500000) (1024K)]
  0x000001fb1ae55820 ConcurrentGCThread "G1 Main Marker"            [id=5116, stack(0x000000840e500000,0x000000840e600000) (1024K)]
  0x000001fb1ae57180 WorkerThread "G1 Conc#0"                       [id=20424, stack(0x000000840e600000,0x000000840e700000) (1024K)]
  0x000001fb3782c540 ConcurrentGCThread "G1 Refine#0"               [id=22132, stack(0x000000840e700000,0x000000840e800000) (1024K)]
  0x000001fb3782cd60 ConcurrentGCThread "G1 Service"                [id=21372, stack(0x000000840e800000,0x000000840e900000) (1024K)]
Total: 14

Threads with active compile tasks:
Total: 0

VM state: not at safepoint (normal execution)

VM Mutex/Monitor currently owned by a thread: None

Heap address: 0x0000000082a00000, size: 2006 MB, Compressed Oops mode: 32-bit

CDS archive(s) mapped at: [0x000001fb38000000-0x000001fb38c80000-0x000001fb38c80000), size 13107200, SharedBaseAddress: 0x000001fb38000000, ArchiveRelocationMode: 1.
Compressed class space mapped at: 0x000001fb39000000-0x000001fb79000000, reserved size: 1073741824
Narrow klass base: 0x000001fb38000000, Narrow klass shift: 0, Narrow klass range: 0x100000000

GC Precious Log:
 CardTable entry size: 512
 Card Set container configuration: InlinePtr #cards 5 size 8 Array Of Cards #cards 12 size 40 Howl #buckets 4 coarsen threshold 1843 Howl Bitmap #cards 512 size 80 coarsen threshold 460 Card regions per heap region 1 cards per card region 2048
 CPUs: 8 total, 8 available
 Memory: 8017M
 Large Page Support: Disabled
 NUMA Support: Disabled
 Compressed Oops: Enabled (32-bit)
 Heap Region Size: 1M
 Heap Min Capacity: 8M
 Heap Initial Capacity: 126M
 Heap Max Capacity: 2006M
 Pre-touch: Disabled
 Parallel Workers: 8
 Concurrent Workers: 2
 Concurrent Refinement Workers: 8
 Periodic GC: Disabled

Heap:
 garbage-first heap   total 129024K, used 15359K [0x0000000082a00000, 0x0000000100000000)
  region size 1024K, 15 young (15360K), 3 survivors (3072K)
 Metaspace       used 9814K, committed 10048K, reserved 1114112K
  class space    used 709K, committed 832K, reserved 1048576K

Heap Regions: E=young(eden), S=young(survivor), O=old, HS=humongous(starts), HC=humongous(continues), CS=collection set, F=free, TAMS=top-at-mark-start, PB=parsable bottom
|   0|0x0000000082a00000, 0x0000000082b00000, 0x0000000082b00000|100%|HS|  |TAMS 0x0000000082a00000| PB 0x0000000082a00000| Complete 
|   1|0x0000000082b00000, 0x0000000082b00000, 0x0000000082c00000|  0%| F|  |TAMS 0x0000000082b00000| PB 0x0000000082b00000| Untracked 
|   2|0x0000000082c00000, 0x0000000082c00000, 0x0000000082d00000|  0%| F|  |TAMS 0x0000000082c00000| PB 0x0000000082c00000| Untracked 
|   3|0x0000000082d00000, 0x0000000082d00000, 0x0000000082e00000|  0%| F|  |TAMS 0x0000000082d00000| PB 0x0000000082d00000| Untracked 
|   4|0x0000000082e00000, 0x0000000082e00000, 0x0000000082f00000|  0%| F|  |TAMS 0x0000000082e00000| PB 0x0000000082e00000| Untracked 
|   5|0x0000000082f00000, 0x0000000082f00000, 0x0000000083000000|  0%| F|  |TAMS 0x0000000082f00000| PB 0x0000000082f00000| Untracked 
|   6|0x0000000083000000, 0x0000000083000000, 0x0000000083100000|  0%| F|  |TAMS 0x0000000083000000| PB 0x0000000083000000| Untracked 
|   7|0x0000000083100000, 0x0000000083100000, 0x0000000083200000|  0%| F|  |TAMS 0x0000000083100000| PB 0x0000000083100000| Untracked 
|   8|0x0000000083200000, 0x0000000083200000, 0x0000000083300000|  0%| F|  |TAMS 0x0000000083200000| PB 0x0000000083200000| Untracked 
|   9|0x0000000083300000, 0x0000000083300000, 0x0000000083400000|  0%| F|  |TAMS 0x0000000083300000| PB 0x0000000083300000| Untracked 
|  10|0x0000000083400000, 0x0000000083400000, 0x0000000083500000|  0%| F|  |TAMS 0x0000000083400000| PB 0x0000000083400000| Untracked 
|  11|0x0000000083500000, 0x0000000083500000, 0x0000000083600000|  0%| F|  |TAMS 0x0000000083500000| PB 0x0000000083500000| Untracked 
|  12|0x0000000083600000, 0x0000000083600000, 0x0000000083700000|  0%| F|  |TAMS 0x0000000083600000| PB 0x0000000083600000| Untracked 
|  13|0x0000000083700000, 0x0000000083700000, 0x0000000083800000|  0%| F|  |TAMS 0x0000000083700000| PB 0x0000000083700000| Untracked 
|  14|0x0000000083800000, 0x0000000083800000, 0x0000000083900000|  0%| F|  |TAMS 0x0000000083800000| PB 0x0000000083800000| Untracked 
|  15|0x0000000083900000, 0x0000000083900000, 0x0000000083a00000|  0%| F|  |TAMS 0x0000000083900000| PB 0x0000000083900000| Untracked 
|  16|0x0000000083a00000, 0x0000000083a00000, 0x0000000083b00000|  0%| F|  |TAMS 0x0000000083a00000| PB 0x0000000083a00000| Untracked 
|  17|0x0000000083b00000, 0x0000000083b00000, 0x0000000083c00000|  0%| F|  |TAMS 0x0000000083b00000| PB 0x0000000083b00000| Untracked 
|  18|0x0000000083c00000, 0x0000000083c00000, 0x0000000083d00000|  0%| F|  |TAMS 0x0000000083c00000| PB 0x0000000083c00000| Untracked 
|  19|0x0000000083d00000, 0x0000000083d00000, 0x0000000083e00000|  0%| F|  |TAMS 0x0000000083d00000| PB 0x0000000083d00000| Untracked 
|  20|0x0000000083e00000, 0x0000000083e00000, 0x0000000083f00000|  0%| F|  |TAMS 0x0000000083e00000| PB 0x0000000083e00000| Untracked 
|  21|0x0000000083f00000, 0x0000000083f00000, 0x0000000084000000|  0%| F|  |TAMS 0x0000000083f00000| PB 0x0000000083f00000| Untracked 
|  22|0x0000000084000000, 0x0000000084000000, 0x0000000084100000|  0%| F|  |TAMS 0x0000000084000000| PB 0x0000000084000000| Untracked 
|  23|0x0000000084100000, 0x0000000084100000, 0x0000000084200000|  0%| F|  |TAMS 0x0000000084100000| PB 0x0000000084100000| Untracked 
|  24|0x0000000084200000, 0x0000000084200000, 0x0000000084300000|  0%| F|  |TAMS 0x0000000084200000| PB 0x0000000084200000| Untracked 
|  25|0x0000000084300000, 0x0000000084300000, 0x0000000084400000|  0%| F|  |TAMS 0x0000000084300000| PB 0x0000000084300000| Untracked 
|  26|0x0000000084400000, 0x0000000084400000, 0x0000000084500000|  0%| F|  |TAMS 0x0000000084400000| PB 0x0000000084400000| Untracked 
|  27|0x0000000084500000, 0x0000000084500000, 0x0000000084600000|  0%| F|  |TAMS 0x0000000084500000| PB 0x0000000084500000| Untracked 
|  28|0x0000000084600000, 0x0000000084600000, 0x0000000084700000|  0%| F|  |TAMS 0x0000000084600000| PB 0x0000000084600000| Untracked 
|  29|0x0000000084700000, 0x0000000084700000, 0x0000000084800000|  0%| F|  |TAMS 0x0000000084700000| PB 0x0000000084700000| Untracked 
|  30|0x0000000084800000, 0x0000000084800000, 0x0000000084900000|  0%| F|  |TAMS 0x0000000084800000| PB 0x0000000084800000| Untracked 
|  31|0x0000000084900000, 0x0000000084900000, 0x0000000084a00000|  0%| F|  |TAMS 0x0000000084900000| PB 0x0000000084900000| Untracked 
|  32|0x0000000084a00000, 0x0000000084a00000, 0x0000000084b00000|  0%| F|  |TAMS 0x0000000084a00000| PB 0x0000000084a00000| Untracked 
|  33|0x0000000084b00000, 0x0000000084b00000, 0x0000000084c00000|  0%| F|  |TAMS 0x0000000084b00000| PB 0x0000000084b00000| Untracked 
|  34|0x0000000084c00000, 0x0000000084c00000, 0x0000000084d00000|  0%| F|  |TAMS 0x0000000084c00000| PB 0x0000000084c00000| Untracked 
|  35|0x0000000084d00000, 0x0000000084d00000, 0x0000000084e00000|  0%| F|  |TAMS 0x0000000084d00000| PB 0x0000000084d00000| Untracked 
|  36|0x0000000084e00000, 0x0000000084e00000, 0x0000000084f00000|  0%| F|  |TAMS 0x0000000084e00000| PB 0x0000000084e00000| Untracked 
|  37|0x0000000084f00000, 0x0000000084f00000, 0x0000000085000000|  0%| F|  |TAMS 0x0000000084f00000| PB 0x0000000084f00000| Untracked 
|  38|0x0000000085000000, 0x0000000085000000, 0x0000000085100000|  0%| F|  |TAMS 0x0000000085000000| PB 0x0000000085000000| Untracked 
|  39|0x0000000085100000, 0x0000000085100000, 0x0000000085200000|  0%| F|  |TAMS 0x0000000085100000| PB 0x0000000085100000| Untracked 
|  40|0x0000000085200000, 0x0000000085200000, 0x0000000085300000|  0%| F|  |TAMS 0x0000000085200000| PB 0x0000000085200000| Untracked 
|  41|0x0000000085300000, 0x0000000085300000, 0x0000000085400000|  0%| F|  |TAMS 0x0000000085300000| PB 0x0000000085300000| Untracked 
|  42|0x0000000085400000, 0x0000000085400000, 0x0000000085500000|  0%| F|  |TAMS 0x0000000085400000| PB 0x0000000085400000| Untracked 
|  43|0x0000000085500000, 0x0000000085500000, 0x0000000085600000|  0%| F|  |TAMS 0x0000000085500000| PB 0x0000000085500000| Untracked 
|  44|0x0000000085600000, 0x0000000085600000, 0x0000000085700000|  0%| F|  |TAMS 0x0000000085600000| PB 0x0000000085600000| Untracked 
|  45|0x0000000085700000, 0x0000000085700000, 0x0000000085800000|  0%| F|  |TAMS 0x0000000085700000| PB 0x0000000085700000| Untracked 
|  46|0x0000000085800000, 0x0000000085800000, 0x0000000085900000|  0%| F|  |TAMS 0x0000000085800000| PB 0x0000000085800000| Untracked 
|  47|0x0000000085900000, 0x0000000085900000, 0x0000000085a00000|  0%| F|  |TAMS 0x0000000085900000| PB 0x0000000085900000| Untracked 
|  48|0x0000000085a00000, 0x0000000085a00000, 0x0000000085b00000|  0%| F|  |TAMS 0x0000000085a00000| PB 0x0000000085a00000| Untracked 
|  49|0x0000000085b00000, 0x0000000085b00000, 0x0000000085c00000|  0%| F|  |TAMS 0x0000000085b00000| PB 0x0000000085b00000| Untracked 
|  50|0x0000000085c00000, 0x0000000085c00000, 0x0000000085d00000|  0%| F|  |TAMS 0x0000000085c00000| PB 0x0000000085c00000| Untracked 
|  51|0x0000000085d00000, 0x0000000085d00000, 0x0000000085e00000|  0%| F|  |TAMS 0x0000000085d00000| PB 0x0000000085d00000| Untracked 
|  52|0x0000000085e00000, 0x0000000085e00000, 0x0000000085f00000|  0%| F|  |TAMS 0x0000000085e00000| PB 0x0000000085e00000| Untracked 
|  53|0x0000000085f00000, 0x0000000085f00000, 0x0000000086000000|  0%| F|  |TAMS 0x0000000085f00000| PB 0x0000000085f00000| Untracked 
|  54|0x0000000086000000, 0x0000000086000000, 0x0000000086100000|  0%| F|  |TAMS 0x0000000086000000| PB 0x0000000086000000| Untracked 
|  55|0x0000000086100000, 0x0000000086100000, 0x0000000086200000|  0%| F|  |TAMS 0x0000000086100000| PB 0x0000000086100000| Untracked 
|  56|0x0000000086200000, 0x0000000086200000, 0x0000000086300000|  0%| F|  |TAMS 0x0000000086200000| PB 0x0000000086200000| Untracked 
|  57|0x0000000086300000, 0x0000000086300000, 0x0000000086400000|  0%| F|  |TAMS 0x0000000086300000| PB 0x0000000086300000| Untracked 
|  58|0x0000000086400000, 0x0000000086400000, 0x0000000086500000|  0%| F|  |TAMS 0x0000000086400000| PB 0x0000000086400000| Untracked 
|  59|0x0000000086500000, 0x0000000086500000, 0x0000000086600000|  0%| F|  |TAMS 0x0000000086500000| PB 0x0000000086500000| Untracked 
|  60|0x0000000086600000, 0x0000000086600000, 0x0000000086700000|  0%| F|  |TAMS 0x0000000086600000| PB 0x0000000086600000| Untracked 
|  61|0x0000000086700000, 0x0000000086700000, 0x0000000086800000|  0%| F|  |TAMS 0x0000000086700000| PB 0x0000000086700000| Untracked 
|  62|0x0000000086800000, 0x0000000086800000, 0x0000000086900000|  0%| F|  |TAMS 0x0000000086800000| PB 0x0000000086800000| Untracked 
|  63|0x0000000086900000, 0x0000000086900000, 0x0000000086a00000|  0%| F|  |TAMS 0x0000000086900000| PB 0x0000000086900000| Untracked 
|  64|0x0000000086a00000, 0x0000000086a00000, 0x0000000086b00000|  0%| F|  |TAMS 0x0000000086a00000| PB 0x0000000086a00000| Untracked 
|  65|0x0000000086b00000, 0x0000000086b00000, 0x0000000086c00000|  0%| F|  |TAMS 0x0000000086b00000| PB 0x0000000086b00000| Untracked 
|  66|0x0000000086c00000, 0x0000000086c00000, 0x0000000086d00000|  0%| F|  |TAMS 0x0000000086c00000| PB 0x0000000086c00000| Untracked 
|  67|0x0000000086d00000, 0x0000000086d00000, 0x0000000086e00000|  0%| F|  |TAMS 0x0000000086d00000| PB 0x0000000086d00000| Untracked 
|  68|0x0000000086e00000, 0x0000000086e00000, 0x0000000086f00000|  0%| F|  |TAMS 0x0000000086e00000| PB 0x0000000086e00000| Untracked 
|  69|0x0000000086f00000, 0x0000000086f00000, 0x0000000087000000|  0%| F|  |TAMS 0x0000000086f00000| PB 0x0000000086f00000| Untracked 
|  70|0x0000000087000000, 0x0000000087000000, 0x0000000087100000|  0%| F|  |TAMS 0x0000000087000000| PB 0x0000000087000000| Untracked 
|  71|0x0000000087100000, 0x0000000087100000, 0x0000000087200000|  0%| F|  |TAMS 0x0000000087100000| PB 0x0000000087100000| Untracked 
|  72|0x0000000087200000, 0x0000000087200000, 0x0000000087300000|  0%| F|  |TAMS 0x0000000087200000| PB 0x0000000087200000| Untracked 
|  73|0x0000000087300000, 0x0000000087300000, 0x0000000087400000|  0%| F|  |TAMS 0x0000000087300000| PB 0x0000000087300000| Untracked 
|  74|0x0000000087400000, 0x0000000087400000, 0x0000000087500000|  0%| F|  |TAMS 0x0000000087400000| PB 0x0000000087400000| Untracked 
|  75|0x0000000087500000, 0x0000000087500000, 0x0000000087600000|  0%| F|  |TAMS 0x0000000087500000| PB 0x0000000087500000| Untracked 
|  76|0x0000000087600000, 0x0000000087600000, 0x0000000087700000|  0%| F|  |TAMS 0x0000000087600000| PB 0x0000000087600000| Untracked 
|  77|0x0000000087700000, 0x0000000087700000, 0x0000000087800000|  0%| F|  |TAMS 0x0000000087700000| PB 0x0000000087700000| Untracked 
|  78|0x0000000087800000, 0x0000000087800000, 0x0000000087900000|  0%| F|  |TAMS 0x0000000087800000| PB 0x0000000087800000| Untracked 
|  79|0x0000000087900000, 0x0000000087900000, 0x0000000087a00000|  0%| F|  |TAMS 0x0000000087900000| PB 0x0000000087900000| Untracked 
|  80|0x0000000087a00000, 0x0000000087a00000, 0x0000000087b00000|  0%| F|  |TAMS 0x0000000087a00000| PB 0x0000000087a00000| Untracked 
|  81|0x0000000087b00000, 0x0000000087b00000, 0x0000000087c00000|  0%| F|  |TAMS 0x0000000087b00000| PB 0x0000000087b00000| Untracked 
|  82|0x0000000087c00000, 0x0000000087c00000, 0x0000000087d00000|  0%| F|  |TAMS 0x0000000087c00000| PB 0x0000000087c00000| Untracked 
|  83|0x0000000087d00000, 0x0000000087d00000, 0x0000000087e00000|  0%| F|  |TAMS 0x0000000087d00000| PB 0x0000000087d00000| Untracked 
|  84|0x0000000087e00000, 0x0000000087e00000, 0x0000000087f00000|  0%| F|  |TAMS 0x0000000087e00000| PB 0x0000000087e00000| Untracked 
|  85|0x0000000087f00000, 0x0000000087f00000, 0x0000000088000000|  0%| F|  |TAMS 0x0000000087f00000| PB 0x0000000087f00000| Untracked 
|  86|0x0000000088000000, 0x0000000088000000, 0x0000000088100000|  0%| F|  |TAMS 0x0000000088000000| PB 0x0000000088000000| Untracked 
|  87|0x0000000088100000, 0x0000000088100000, 0x0000000088200000|  0%| F|  |TAMS 0x0000000088100000| PB 0x0000000088100000| Untracked 
|  88|0x0000000088200000, 0x0000000088200000, 0x0000000088300000|  0%| F|  |TAMS 0x0000000088200000| PB 0x0000000088200000| Untracked 
|  89|0x0000000088300000, 0x0000000088300000, 0x0000000088400000|  0%| F|  |TAMS 0x0000000088300000| PB 0x0000000088300000| Untracked 
|  90|0x0000000088400000, 0x0000000088400000, 0x0000000088500000|  0%| F|  |TAMS 0x0000000088400000| PB 0x0000000088400000| Untracked 
|  91|0x0000000088500000, 0x0000000088500000, 0x0000000088600000|  0%| F|  |TAMS 0x0000000088500000| PB 0x0000000088500000| Untracked 
|  92|0x0000000088600000, 0x0000000088600000, 0x0000000088700000|  0%| F|  |TAMS 0x0000000088600000| PB 0x0000000088600000| Untracked 
|  93|0x0000000088700000, 0x0000000088700000, 0x0000000088800000|  0%| F|  |TAMS 0x0000000088700000| PB 0x0000000088700000| Untracked 
|  94|0x0000000088800000, 0x0000000088800000, 0x0000000088900000|  0%| F|  |TAMS 0x0000000088800000| PB 0x0000000088800000| Untracked 
|  95|0x0000000088900000, 0x0000000088900000, 0x0000000088a00000|  0%| F|  |TAMS 0x0000000088900000| PB 0x0000000088900000| Untracked 
|  96|0x0000000088a00000, 0x0000000088a00000, 0x0000000088b00000|  0%| F|  |TAMS 0x0000000088a00000| PB 0x0000000088a00000| Untracked 
|  97|0x0000000088b00000, 0x0000000088b00000, 0x0000000088c00000|  0%| F|  |TAMS 0x0000000088b00000| PB 0x0000000088b00000| Untracked 
|  98|0x0000000088c00000, 0x0000000088c00000, 0x0000000088d00000|  0%| F|  |TAMS 0x0000000088c00000| PB 0x0000000088c00000| Untracked 
|  99|0x0000000088d00000, 0x0000000088d00000, 0x0000000088e00000|  0%| F|  |TAMS 0x0000000088d00000| PB 0x0000000088d00000| Untracked 
| 100|0x0000000088e00000, 0x0000000088efffc0, 0x0000000088f00000| 99%| S|CS|TAMS 0x0000000088e00000| PB 0x0000000088e00000| Complete 
| 101|0x0000000088f00000, 0x0000000089000000, 0x0000000089000000|100%| S|CS|TAMS 0x0000000088f00000| PB 0x0000000088f00000| Complete 
| 102|0x0000000089000000, 0x0000000089100000, 0x0000000089100000|100%| S|CS|TAMS 0x0000000089000000| PB 0x0000000089000000| Complete 
| 103|0x0000000089100000, 0x0000000089100000, 0x0000000089200000|  0%| F|  |TAMS 0x0000000089100000| PB 0x0000000089100000| Untracked 
| 104|0x0000000089200000, 0x0000000089200000, 0x0000000089300000|  0%| F|  |TAMS 0x0000000089200000| PB 0x0000000089200000| Untracked 
| 105|0x0000000089300000, 0x0000000089300000, 0x0000000089400000|  0%| F|  |TAMS 0x0000000089300000| PB 0x0000000089300000| Untracked 
| 106|0x0000000089400000, 0x0000000089400000, 0x0000000089500000|  0%| F|  |TAMS 0x0000000089400000| PB 0x0000000089400000| Untracked 
| 107|0x0000000089500000, 0x0000000089500000, 0x0000000089600000|  0%| F|  |TAMS 0x0000000089500000| PB 0x0000000089500000| Untracked 
| 108|0x0000000089600000, 0x0000000089600000, 0x0000000089700000|  0%| F|  |TAMS 0x0000000089600000| PB 0x0000000089600000| Untracked 
| 109|0x0000000089700000, 0x0000000089700000, 0x0000000089800000|  0%| F|  |TAMS 0x0000000089700000| PB 0x0000000089700000| Untracked 
| 110|0x0000000089800000, 0x0000000089800000, 0x0000000089900000|  0%| F|  |TAMS 0x0000000089800000| PB 0x0000000089800000| Untracked 
| 111|0x0000000089900000, 0x0000000089900000, 0x0000000089a00000|  0%| F|  |TAMS 0x0000000089900000| PB 0x0000000089900000| Untracked 
| 112|0x0000000089a00000, 0x0000000089a00000, 0x0000000089b00000|  0%| F|  |TAMS 0x0000000089a00000| PB 0x0000000089a00000| Untracked 
| 113|0x0000000089b00000, 0x0000000089b00000, 0x0000000089c00000|  0%| F|  |TAMS 0x0000000089b00000| PB 0x0000000089b00000| Untracked 
| 114|0x0000000089c00000, 0x0000000089c97a70, 0x0000000089d00000| 59%| E|  |TAMS 0x0000000089c00000| PB 0x0000000089c00000| Complete 
| 115|0x0000000089d00000, 0x0000000089e00000, 0x0000000089e00000|100%| E|CS|TAMS 0x0000000089d00000| PB 0x0000000089d00000| Complete 
| 116|0x0000000089e00000, 0x0000000089f00000, 0x0000000089f00000|100%| E|CS|TAMS 0x0000000089e00000| PB 0x0000000089e00000| Complete 
| 117|0x0000000089f00000, 0x000000008a000000, 0x000000008a000000|100%| E|CS|TAMS 0x0000000089f00000| PB 0x0000000089f00000| Complete 
| 118|0x000000008a000000, 0x000000008a100000, 0x000000008a100000|100%| E|CS|TAMS 0x000000008a000000| PB 0x000000008a000000| Complete 
| 119|0x000000008a100000, 0x000000008a200000, 0x000000008a200000|100%| E|CS|TAMS 0x000000008a100000| PB 0x000000008a100000| Complete 
| 120|0x000000008a200000, 0x000000008a300000, 0x000000008a300000|100%| E|CS|TAMS 0x000000008a200000| PB 0x000000008a200000| Complete 
| 121|0x000000008a300000, 0x000000008a400000, 0x000000008a400000|100%| E|CS|TAMS 0x000000008a300000| PB 0x000000008a300000| Complete 
| 122|0x000000008a400000, 0x000000008a500000, 0x000000008a500000|100%| E|CS|TAMS 0x000000008a400000| PB 0x000000008a400000| Complete 
| 123|0x000000008a500000, 0x000000008a600000, 0x000000008a600000|100%| E|CS|TAMS 0x000000008a500000| PB 0x000000008a500000| Complete 
| 124|0x000000008a600000, 0x000000008a700000, 0x000000008a700000|100%| E|CS|TAMS 0x000000008a600000| PB 0x000000008a600000| Complete 
| 125|0x000000008a700000, 0x000000008a800000, 0x000000008a800000|100%| E|CS|TAMS 0x000000008a700000| PB 0x000000008a700000| Complete 

Card table byte_map: [0x000001fb32c00000,0x000001fb32ff0000] _byte_map_base: 0x000001fb327eb000

Marking Bits: (CMBitMap*) 0x000001fb1ae45480
 Bits: [0x000001fb32ff0000, 0x000001fb34f48000)

Polling page: 0x000001fb1a5b0000

Metaspace:

Usage:
  Non-class:      8.89 MB used.
      Class:    709.70 KB used.
       Both:      9.58 MB used.

Virtual space:
  Non-class space:       64.00 MB reserved,       9.00 MB ( 14%) committed,  1 nodes.
      Class space:        1.00 GB reserved,     832.00 KB ( <1%) committed,  1 nodes.
             Both:        1.06 GB reserved,       9.81 MB ( <1%) committed. 

Chunk freelists:
   Non-Class:  6.19 MB
       Class:  15.04 MB
        Both:  21.23 MB

MaxMetaspaceSize: unlimited
CompressedClassSpaceSize: 1.00 GB
Initial GC threshold: 21.00 MB
Current GC threshold: 21.00 MB
CDS: on
 - commit_granule_bytes: 65536.
 - commit_granule_words: 8192.
 - virtual_space_node_default_size: 8388608.
 - enlarge_chunks_in_place: 1.
 - use_allocation_guard: 0.


Internal statistics:

num_allocs_failed_limit: 0.
num_arena_births: 160.
num_arena_deaths: 0.
num_vsnodes_births: 2.
num_vsnodes_deaths: 0.
num_space_committed: 153.
num_space_uncommitted: 0.
num_chunks_returned_to_freelist: 0.
num_chunks_taken_from_freelist: 365.
num_chunk_merges: 0.
num_chunk_splits: 256.
num_chunks_enlarged: 173.
num_inconsistent_stats: 0.

CodeHeap 'non-profiled nmethods': size=120000Kb used=477Kb max_used=477Kb free=119523Kb
 bounds [0x000001fb2afb0000, 0x000001fb2b220000, 0x000001fb324e0000]
CodeHeap 'profiled nmethods': size=120000Kb used=1758Kb max_used=1758Kb free=118241Kb
 bounds [0x000001fb234e0000, 0x000001fb23750000, 0x000001fb2aa10000]
CodeHeap 'non-nmethods': size=5760Kb used=2140Kb max_used=2191Kb free=3619Kb
 bounds [0x000001fb2aa10000, 0x000001fb2ac80000, 0x000001fb2afb0000]
 total_blobs=1984 nmethods=1100 adapters=789
 compilation: enabled
              stopped_count=0, restarted_count=0
 full_count=0

Compilation events (20 events):
Event: 1.895 Thread 0x000001fb3799bc10 1090       4       java.lang.invoke.LambdaForm$MH/0x000001fb390e5000::invoke (40 bytes)
Event: 1.896 Thread 0x000001fb3799bc10 nmethod 1090 0x000001fb2b024590 code [0x000001fb2b024760, 0x000001fb2b024918]
Event: 1.896 Thread 0x000001fb3799bc10 1091       4       java.lang.invoke.DirectMethodHandle$Holder::putLong (31 bytes)
Event: 1.897 Thread 0x000001fb3799bc10 nmethod 1091 0x000001fb2b024b10 code [0x000001fb2b024ca0, 0x000001fb2b024d78]
Event: 1.984 Thread 0x000001fb3799bc10 1092       4       java.util.HashMap::newNode (13 bytes)
Event: 1.985 Thread 0x000001fb3799bc10 nmethod 1092 0x000001fb2b024e90 code [0x000001fb2b025020, 0x000001fb2b025140]
Event: 1.999 Thread 0x000001fb3799bc10 1093 %     4       java.lang.Class::searchFields @ 8 (43 bytes)
Event: 2.004 Thread 0x000001fb3799bc10 nmethod 1093% 0x000001fb2b025210 code [0x000001fb2b0253c0, 0x000001fb2b025b68]
Event: 2.004 Thread 0x000001fb3799bc10 1094       4       java.lang.Class::searchFields (43 bytes)
Event: 2.008 Thread 0x000001fb3799bc10 nmethod 1094 0x000001fb2b025d90 code [0x000001fb2b025f20, 0x000001fb2b0263f8]
Event: 2.009 Thread 0x000001fb379ac930 1095       1       java.lang.Integer::intValue (5 bytes)
Event: 2.009 Thread 0x000001fb379ac930 nmethod 1095 0x000001fb2b026610 code [0x000001fb2b0267a0, 0x000001fb2b026868]
Event: 2.009 Thread 0x000001fb3799bc10 1096       4       java.lang.String::<init> (15 bytes)
Event: 2.010 Thread 0x000001fb3799bc10 nmethod 1096 0x000001fb2b026d90 code [0x000001fb2b026f20, 0x000001fb2b027080]
Event: 2.016 Thread 0x000001fb379ac930 1098       3       jdk.internal.ref.PhantomCleanable::clean (16 bytes)
Event: 2.016 Thread 0x000001fb379ac930 nmethod 1098 0x000001fb23696e10 code [0x000001fb23696fe0, 0x000001fb236972c0]
Event: 2.017 Thread 0x000001fb379ac930 1099       1       com.jogamp.nativewindow.DefaultGraphicsDevice::getUniqueID (5 bytes)
Event: 2.017 Thread 0x000001fb379ac930 nmethod 1099 0x000001fb2b027110 code [0x000001fb2b0272a0, 0x000001fb2b027368]
Event: 2.028 Thread 0x000001fb379ac930 1100       3       java.nio.CharBuffer::arrayOffset (35 bytes)
Event: 2.029 Thread 0x000001fb379ac930 nmethod 1100 0x000001fb23697390 code [0x000001fb23697560, 0x000001fb23697830]

GC Heap History (2 events):
Event: 1.345 GC heap before
{Heap before GC invocations=0 (full 0):
 garbage-first heap   total 129024K, used 24576K [0x0000000082a00000, 0x0000000100000000)
  region size 1024K, 23 young (23552K), 0 survivors (0K)
 Metaspace       used 9535K, committed 9728K, reserved 1114112K
  class space    used 681K, committed 768K, reserved 1048576K
}
Event: 1.354 GC heap after
{Heap after GC invocations=1 (full 0):
 garbage-first heap   total 129024K, used 4095K [0x0000000082a00000, 0x0000000100000000)
  region size 1024K, 3 young (3072K), 3 survivors (3072K)
 Metaspace       used 9535K, committed 9728K, reserved 1114112K
  class space    used 681K, committed 768K, reserved 1048576K
}

Dll operation events (13 events):
Event: 0.005 Loaded shared library C:\Program Files\Amazon Corretto\jdk21.0.7_6\bin\java.dll
Event: 0.029 Loaded shared library C:\Program Files\Amazon Corretto\jdk21.0.7_6\bin\jsvml.dll
Event: 0.041 Loaded shared library C:\Program Files\Amazon Corretto\jdk21.0.7_6\bin\net.dll
Event: 0.043 Loaded shared library C:\Program Files\Amazon Corretto\jdk21.0.7_6\bin\nio.dll
Event: 0.045 Loaded shared library C:\Program Files\Amazon Corretto\jdk21.0.7_6\bin\zip.dll
Event: 0.066 Loaded shared library C:\Program Files\Amazon Corretto\jdk21.0.7_6\bin\jimage.dll
Event: 0.069 Loaded shared library C:\Program Files\Amazon Corretto\jdk21.0.7_6\bin\awt.dll
Event: 0.289 Loaded shared library C:\Users\chris\AppData\Local\Temp\jogamp_0000\file_cache\jln1344392309866464134\jln6903967125090143541\natives\windows-amd64\gluegen_rt.dll
Event: 0.346 Loaded shared library C:\Program Files\Amazon Corretto\jdk21.0.7_6\bin\jawt.dll
Event: 0.357 Loaded shared library C:\Users\chris\AppData\Local\Temp\jogamp_0000\file_cache\jln1344392309866464134\jln6903967125090143541\natives\windows-amd64\nativewindow_awt.dll
Event: 0.392 Loaded shared library C:\Users\chris\AppData\Local\Temp\jogamp_0000\file_cache\jln1344392309866464134\jln6903967125090143541\natives\windows-amd64\nativewindow_win32.dll
Event: 0.512 Loaded shared library C:\Users\chris\AppData\Local\Temp\jogamp_0000\file_cache\jln1344392309866464134\jln6903967125090143541\natives\windows-amd64\jogl_desktop.dll
Event: 0.909 Loaded shared library C:\Users\chris\AppData\Local\Temp\jogamp_0000\file_cache\jln1344392309866464134\jln6903967125090143541\natives\windows-amd64\jogl_mobile.dll

Deoptimization events (20 events):
Event: 1.442 Thread 0x000001fb37b51d90 DEOPT PACKING pc=0x000001fb2b009dac sp=0x000000840f9fee30
Event: 1.442 Thread 0x000001fb37b51d90 DEOPT UNPACKING pc=0x000001fb2aa67da2 sp=0x000000840f9fed58 mode 2
Event: 1.642 Thread 0x000001fb37b51d90 Uncommon trap: trap_request=0xffffffde fr.pc=0x000001fb2b009dac relative=0x000000000000090c
Event: 1.642 Thread 0x000001fb37b51d90 Uncommon trap: reason=class_check action=maybe_recompile pc=0x000001fb2b009dac method=java.util.HashMap.putVal(ILjava/lang/Object;Ljava/lang/Object;ZZ)Ljava/lang/Object; @ 91 c2
Event: 1.642 Thread 0x000001fb37b51d90 DEOPT PACKING pc=0x000001fb2b009dac sp=0x000000840f9feab0
Event: 1.642 Thread 0x000001fb37b51d90 DEOPT UNPACKING pc=0x000001fb2aa67da2 sp=0x000000840f9fe9d8 mode 2
Event: 1.985 Thread 0x000001fb37b51d90 Uncommon trap: trap_request=0xffffffde fr.pc=0x000001fb2b009dac relative=0x000000000000090c
Event: 1.985 Thread 0x000001fb37b51d90 Uncommon trap: reason=class_check action=maybe_recompile pc=0x000001fb2b009dac method=java.util.HashMap.putVal(ILjava/lang/Object;Ljava/lang/Object;ZZ)Ljava/lang/Object; @ 91 c2
Event: 1.985 Thread 0x000001fb37b51d90 DEOPT PACKING pc=0x000001fb2b009dac sp=0x000000840f9feab0
Event: 1.985 Thread 0x000001fb37b51d90 DEOPT UNPACKING pc=0x000001fb2aa67da2 sp=0x000000840f9fe9d8 mode 2
Event: 1.998 Thread 0x000001fb37b51d90 Uncommon trap: trap_request=0xffffff45 fr.pc=0x000001fb2aff6b2c relative=0x00000000000006cc
Event: 1.998 Thread 0x000001fb37b51d90 Uncommon trap: reason=unstable_if action=reinterpret pc=0x000001fb2aff6b2c method=java.lang.Integer.getChars(II[B)I @ 25 c2
Event: 1.998 Thread 0x000001fb37b51d90 DEOPT PACKING pc=0x000001fb2aff6b2c sp=0x000000840f9fef20
Event: 1.998 Thread 0x000001fb37b51d90 DEOPT UNPACKING pc=0x000001fb2aa67da2 sp=0x000000840f9fee68 mode 2
Event: 2.008 Thread 0x000001fb37b51d90 DEOPT PACKING pc=0x000001fb23695956 sp=0x000000840f9ff010
Event: 2.008 Thread 0x000001fb37b51d90 DEOPT UNPACKING pc=0x000001fb2aa688e2 sp=0x000000840f9fe4b8 mode 0
Event: 2.016 Thread 0x000001fb18bb4270 Uncommon trap: trap_request=0xffffff45 fr.pc=0x000001fb2b00c7d8 relative=0x0000000000000218
Event: 2.016 Thread 0x000001fb18bb4270 Uncommon trap: reason=unstable_if action=reinterpret pc=0x000001fb2b00c7d8 method=java.util.HashMap.containsKey(Ljava/lang/Object;)Z @ 5 c2
Event: 2.016 Thread 0x000001fb18bb4270 DEOPT PACKING pc=0x000001fb2b00c7d8 sp=0x000000840e3fe470
Event: 2.016 Thread 0x000001fb18bb4270 DEOPT UNPACKING pc=0x000001fb2aa67da2 sp=0x000000840e3fe410 mode 2

Classes loaded (20 events):
Event: 0.378 Loading class sun/awt/SunHints$LCDContrastKey
Event: 0.378 Loading class sun/awt/SunHints$LCDContrastKey done
Event: 0.379 Loading class java/util/ComparableTimSort
Event: 0.379 Loading class java/util/ComparableTimSort done
Event: 0.379 Loading class java/beans/PropertyChangeEvent
Event: 0.379 Loading class java/beans/PropertyChangeEvent done
Event: 0.379 Loading class java/awt/Toolkit$DesktopPropertyChangeSupport$1
Event: 0.379 Loading class java/awt/Toolkit$DesktopPropertyChangeSupport$1 done
Event: 0.379 Loading class java/util/IdentityHashMap$ValueIterator
Event: 0.379 Loading class java/util/IdentityHashMap$ValueIterator done
Event: 0.393 Loading class java/lang/CloneNotSupportedException
Event: 0.393 Loading class java/lang/CloneNotSupportedException done
Event: 0.514 Loading class jdk/internal/reflect/MethodHandleLongFieldAccessorImpl
Event: 0.514 Loading class jdk/internal/reflect/MethodHandleLongFieldAccessorImpl done
Event: 1.399 Loading class sun/awt/AppContext$PostShutdownEventRunnable
Event: 1.399 Loading class sun/awt/AppContext$PostShutdownEventRunnable done
Event: 1.399 Loading class sun/awt/AWTAutoShutdown$1
Event: 1.399 Loading class sun/awt/AWTAutoShutdown$1 done
Event: 2.010 Loading class java/nio/DirectFloatBufferU
Event: 2.010 Loading class java/nio/DirectFloatBufferU done

Classes unloaded (0 events):
No events

Classes redefined (0 events):
No events

Internal exceptions (20 events):
Event: 0.807 Thread 0x000001fb18bb4270 Exception <a 'java/io/IOException'{0x0000000089ad14d8}> (0x0000000089ad14d8) 
thrown [s\src\hotspot\share\prims\jni.cpp, line 520]
Event: 0.812 Thread 0x000001fb18bb4270 Exception <a 'java/io/IOException'{0x0000000089ad8200}> (0x0000000089ad8200) 
thrown [s\src\hotspot\share\prims\jni.cpp, line 520]
Event: 0.817 Thread 0x000001fb18bb4270 Exception <a 'java/io/IOException'{0x0000000089adea78}> (0x0000000089adea78) 
thrown [s\src\hotspot\share\prims\jni.cpp, line 520]
Event: 0.822 Thread 0x000001fb18bb4270 Exception <a 'java/io/IOException'{0x0000000089ae5558}> (0x0000000089ae5558) 
thrown [s\src\hotspot\share\prims\jni.cpp, line 520]
Event: 0.828 Thread 0x000001fb18bb4270 Exception <a 'java/io/IOException'{0x0000000089aebc30}> (0x0000000089aebc30) 
thrown [s\src\hotspot\share\prims\jni.cpp, line 520]
Event: 0.833 Thread 0x000001fb18bb4270 Exception <a 'java/io/IOException'{0x0000000089af2320}> (0x0000000089af2320) 
thrown [s\src\hotspot\share\prims\jni.cpp, line 520]
Event: 0.837 Thread 0x000001fb18bb4270 Exception <a 'java/io/IOException'{0x0000000089af8960}> (0x0000000089af8960) 
thrown [s\src\hotspot\share\prims\jni.cpp, line 520]
Event: 0.843 Thread 0x000001fb18bb4270 Exception <a 'java/io/IOException'{0x0000000089aff250}> (0x0000000089aff250) 
thrown [s\src\hotspot\share\prims\jni.cpp, line 520]
Event: 0.849 Thread 0x000001fb18bb4270 Exception <a 'java/io/IOException'{0x0000000089906068}> (0x0000000089906068) 
thrown [s\src\hotspot\share\prims\jni.cpp, line 520]
Event: 0.853 Thread 0x000001fb18bb4270 Exception <a 'java/io/IOException'{0x000000008990cbc8}> (0x000000008990cbc8) 
thrown [s\src\hotspot\share\prims\jni.cpp, line 520]
Event: 0.859 Thread 0x000001fb18bb4270 Exception <a 'java/io/IOException'{0x00000000899135f8}> (0x00000000899135f8) 
thrown [s\src\hotspot\share\prims\jni.cpp, line 520]
Event: 0.864 Thread 0x000001fb18bb4270 Exception <a 'java/io/IOException'{0x000000008991a320}> (0x000000008991a320) 
thrown [s\src\hotspot\share\prims\jni.cpp, line 520]
Event: 0.868 Thread 0x000001fb18bb4270 Exception <a 'java/io/IOException'{0x0000000089920b98}> (0x0000000089920b98) 
thrown [s\src\hotspot\share\prims\jni.cpp, line 520]
Event: 0.873 Thread 0x000001fb18bb4270 Exception <a 'java/io/IOException'{0x0000000089927678}> (0x0000000089927678) 
thrown [s\src\hotspot\share\prims\jni.cpp, line 520]
Event: 0.879 Thread 0x000001fb18bb4270 Exception <a 'java/io/IOException'{0x000000008992db00}> (0x000000008992db00) 
thrown [s\src\hotspot\share\prims\jni.cpp, line 520]
Event: 0.884 Thread 0x000001fb18bb4270 Exception <a 'java/io/IOException'{0x00000000899341f0}> (0x00000000899341f0) 
thrown [s\src\hotspot\share\prims\jni.cpp, line 520]
Event: 0.889 Thread 0x000001fb18bb4270 Exception <a 'java/io/IOException'{0x000000008993a830}> (0x000000008993a830) 
thrown [s\src\hotspot\share\prims\jni.cpp, line 520]
Event: 0.894 Thread 0x000001fb18bb4270 Exception <a 'java/io/IOException'{0x0000000089941120}> (0x0000000089941120) 
thrown [s\src\hotspot\share\prims\jni.cpp, line 520]
Event: 1.447 Thread 0x000001fb37b51d90 Exception <a 'java/lang/NoSuchMethodError'{0x000000008a4d3608}: 'void java.lang.invoke.DirectMethodHandle$Holder.invokeSpecial(java.lang.Object, java.lang.Object, java.lang.Object)'> (0x000000008a4d3608) 
thrown [s\src\hotspot\share\interpreter\linkResolver.cpp, line 773]
Event: 1.452 Thread 0x000001fb37b51d90 Exception <a 'java/lang/NoSuchMethodError'{0x000000008a4e95e8}: 'long java.lang.invoke.Invokers$Holder.invokeExact_MT(java.lang.Object, java.lang.Object, java.lang.Object)'> (0x000000008a4e95e8) 
thrown [s\src\hotspot\share\interpreter\linkResolver.cpp, line 773]

ZGC Phase Switch (0 events):
No events

VM Operations (8 events):
Event: 0.089 Executing VM operation: HandshakeAllThreads (Deoptimize)
Event: 0.089 Executing VM operation: HandshakeAllThreads (Deoptimize) done
Event: 0.291 Executing VM operation: HandshakeAllThreads (Deoptimize)
Event: 0.291 Executing VM operation: HandshakeAllThreads (Deoptimize) done
Event: 0.372 Executing VM operation: HandshakeAllThreads (Deoptimize)
Event: 0.372 Executing VM operation: HandshakeAllThreads (Deoptimize) done
Event: 1.345 Executing VM operation: G1CollectForAllocation (G1 Evacuation Pause)
Event: 1.354 Executing VM operation: G1CollectForAllocation (G1 Evacuation Pause) done

Memory protections (0 events):
No events

Nmethod flushes (0 events):
No events

Events (20 events):
Event: 0.016 Thread 0x000001fb18bb4270 Thread added: 0x000001fb18bb4270
Event: 0.026 Thread 0x000001fb18bb4270 Thread added: 0x000001fb3798b170
Event: 0.026 Thread 0x000001fb18bb4270 Thread added: 0x000001fb3798ddd0
Event: 0.026 Thread 0x000001fb18bb4270 Thread added: 0x000001fb37990830
Event: 0.027 Thread 0x000001fb18bb4270 Thread added: 0x000001fb37991280
Event: 0.027 Thread 0x000001fb18bb4270 Thread added: 0x000001fb37993f50
Event: 0.027 Thread 0x000001fb18bb4270 Thread added: 0x000001fb37998af0
Event: 0.027 Thread 0x000001fb18bb4270 Thread added: 0x000001fb3799bc10
Event: 0.027 Thread 0x000001fb18bb4270 Thread added: 0x000001fb379ac930
Event: 0.037 Thread 0x000001fb18bb4270 Thread added: 0x000001fb37b4e910
Event: 0.039 Thread 0x000001fb18bb4270 Thread added: 0x000001fb37b4efa0
Event: 0.270 Thread 0x000001fb18bb4270 Thread added: 0x000001fb37b4fcc0
Event: 0.276 Thread 0x000001fb37b4fcc0 Thread exited: 0x000001fb37b4fcc0
Event: 0.336 Thread 0x000001fb18bb4270 Thread added: 0x000001fb37b4f630
Event: 0.337 Thread 0x000001fb18bb4270 Thread added: 0x000001fb37b51700
Event: 0.338 Thread 0x000001fb18bb4270 Thread added: 0x000001fb37b51070
Event: 0.373 Thread 0x000001fb18bb4270 Thread added: 0x000001fb37b4fcc0
Event: 0.520 Thread 0x000001fb18bb4270 Thread added: 0x000001fb37b51d90
Event: 1.400 Thread 0x000001fb37b4fcc0 Thread exited: 0x000001fb37b4fcc0
Event: 1.421 Thread 0x000001fb37b51700 Thread exited: 0x000001fb37b51700


Dynamic libraries:
0x00007ff788c20000 - 0x00007ff788c2e000 	C:\Program Files\Amazon Corretto\jdk21.0.7_6\bin\java.exe
0x00007ffe311a0000 - 0x00007ffe31409000 	C:\WINDOWS\SYSTEM32\ntdll.dll
0x00007ffdfa810000 - 0x00007ffdfa830000 	C:\Program Files\Norton\Suite\aswhook.dll
0x00007ffe306a0000 - 0x00007ffe30769000 	C:\WINDOWS\System32\KERNEL32.DLL
0x00007ffe2e330000 - 0x00007ffe2e723000 	C:\WINDOWS\System32\KERNELBASE.dll
0x00007ffe2eba0000 - 0x00007ffe2eceb000 	C:\WINDOWS\System32\ucrtbase.dll
0x00007ffe0a4a0000 - 0x00007ffe0a4bb000 	C:\Program Files\Amazon Corretto\jdk21.0.7_6\bin\VCRUNTIME140.dll
0x00007ffe09230000 - 0x00007ffe09248000 	C:\Program Files\Amazon Corretto\jdk21.0.7_6\bin\jli.dll
0x00007ffe2fad0000 - 0x00007ffe2fc94000 	C:\WINDOWS\System32\USER32.dll
0x00007ffe2eb70000 - 0x00007ffe2eb97000 	C:\WINDOWS\System32\win32u.dll
0x00007ffe129d0000 - 0x00007ffe12c63000 	C:\WINDOWS\WinSxS\amd64_microsoft.windows.common-controls_6595b64144ccf1df_6.0.26100.5074_none_3e0d6f78e32fd63f\COMCTL32.dll
0x00007ffe2f290000 - 0x00007ffe2f2bb000 	C:\WINDOWS\System32\GDI32.dll
0x00007ffe30ce0000 - 0x00007ffe30d89000 	C:\WINDOWS\System32\msvcrt.dll
0x00007ffe2ecf0000 - 0x00007ffe2ee1d000 	C:\WINDOWS\System32\gdi32full.dll
0x00007ffe2eec0000 - 0x00007ffe2ef63000 	C:\WINDOWS\System32\msvcp_win.dll
0x00007ffe307f0000 - 0x00007ffe3081f000 	C:\WINDOWS\System32\IMM32.DLL
0x00007ffe14b90000 - 0x00007ffe14b9c000 	C:\Program Files\Amazon Corretto\jdk21.0.7_6\bin\vcruntime140_1.dll
0x00007ffdebc90000 - 0x00007ffdebd1d000 	C:\Program Files\Amazon Corretto\jdk21.0.7_6\bin\msvcp140.dll
0x00007ffda5400000 - 0x00007ffda619f000 	C:\Program Files\Amazon Corretto\jdk21.0.7_6\bin\server\jvm.dll
0x00007ffe2fa10000 - 0x00007ffe2fac4000 	C:\WINDOWS\System32\ADVAPI32.dll
0x00007ffe30f00000 - 0x00007ffe30fa6000 	C:\WINDOWS\System32\sechost.dll
0x00007ffe30bc0000 - 0x00007ffe30cd8000 	C:\WINDOWS\System32\RPCRT4.dll
0x00007ffe30770000 - 0x00007ffe307e4000 	C:\WINDOWS\System32\WS2_32.dll
0x00007ffe2e190000 - 0x00007ffe2e1ee000 	C:\WINDOWS\SYSTEM32\POWRPROF.dll
0x00007ffe1fe10000 - 0x00007ffe1fe1b000 	C:\WINDOWS\SYSTEM32\VERSION.dll
0x00007ffe25800000 - 0x00007ffe25835000 	C:\WINDOWS\SYSTEM32\WINMM.dll
0x00007ffe2e170000 - 0x00007ffe2e184000 	C:\WINDOWS\SYSTEM32\UMPDC.dll
0x00007ffe2d110000 - 0x00007ffe2d12b000 	C:\WINDOWS\SYSTEM32\kernel.appcore.dll
0x00007ffe14b30000 - 0x00007ffe14b3a000 	C:\Program Files\Amazon Corretto\jdk21.0.7_6\bin\jimage.dll
0x00007ffe2bae0000 - 0x00007ffe2bd22000 	C:\WINDOWS\SYSTEM32\DBGHELP.DLL
0x00007ffe30830000 - 0x00007ffe30bab000 	C:\WINDOWS\System32\combase.dll
0x00007ffe2f930000 - 0x00007ffe2fa07000 	C:\WINDOWS\System32\OLEAUT32.dll
0x00007ffe1ced0000 - 0x00007ffe1cf0d000 	C:\WINDOWS\SYSTEM32\dbgcore.DLL
0x00007ffe2ee20000 - 0x00007ffe2eeb9000 	C:\WINDOWS\System32\bcryptPrimitives.dll
0x00007ffe06800000 - 0x00007ffe0681f000 	C:\Program Files\Amazon Corretto\jdk21.0.7_6\bin\java.dll
0x00007ffe2ff40000 - 0x00007ffe3068d000 	C:\WINDOWS\System32\SHELL32.dll
0x00007ffe2e730000 - 0x00007ffe2e89c000 	C:\WINDOWS\System32\wintypes.dll
0x00007ffe2bf60000 - 0x00007ffe2c7b9000 	C:\WINDOWS\SYSTEM32\windows.storage.dll
0x00007ffe2fca0000 - 0x00007ffe2fd90000 	C:\WINDOWS\System32\SHCORE.dll
0x00007ffe310e0000 - 0x00007ffe31142000 	C:\WINDOWS\System32\shlwapi.dll
0x00007ffe2e250000 - 0x00007ffe2e279000 	C:\WINDOWS\SYSTEM32\profapi.dll
0x00007ffde3620000 - 0x00007ffde36f7000 	C:\Program Files\Amazon Corretto\jdk21.0.7_6\bin\jsvml.dll
0x00007ffe14930000 - 0x00007ffe14940000 	C:\Program Files\Amazon Corretto\jdk21.0.7_6\bin\net.dll
0x00007ffe27e00000 - 0x00007ffe27f1f000 	C:\WINDOWS\SYSTEM32\WINHTTP.dll
0x00007ffe2d690000 - 0x00007ffe2d6fb000 	C:\WINDOWS\system32\mswsock.dll
0x00007ffe02000000 - 0x00007ffe02016000 	C:\Program Files\Amazon Corretto\jdk21.0.7_6\bin\nio.dll
0x00007ffe01790000 - 0x00007ffe017a8000 	C:\Program Files\Amazon Corretto\jdk21.0.7_6\bin\zip.dll
0x00007ffde1e80000 - 0x00007ffde200e000 	C:\Program Files\Amazon Corretto\jdk21.0.7_6\bin\awt.dll
0x00007ffe2aff0000 - 0x00007ffe2b08e000 	C:\WINDOWS\SYSTEM32\apphelp.dll
0x00007ffe2d940000 - 0x00007ffe2d95b000 	C:\WINDOWS\SYSTEM32\CRYPTSP.dll
0x00007ffe2d070000 - 0x00007ffe2d0ab000 	C:\WINDOWS\system32\rsaenh.dll
0x00007ffe2d730000 - 0x00007ffe2d75b000 	C:\WINDOWS\SYSTEM32\USERENV.dll
0x00007ffe2e220000 - 0x00007ffe2e246000 	C:\WINDOWS\SYSTEM32\bcrypt.dll
0x00007ffe2d930000 - 0x00007ffe2d93c000 	C:\WINDOWS\SYSTEM32\CRYPTBASE.dll
0x00007ffe2cb40000 - 0x00007ffe2cb74000 	C:\WINDOWS\SYSTEM32\IPHLPAPI.DLL
0x00007ffe30bb0000 - 0x00007ffe30bba000 	C:\WINDOWS\System32\NSI.dll
0x00007ffe01770000 - 0x00007ffe01783000 	C:\Users\chris\AppData\Local\Temp\jogamp_0000\file_cache\jln1344392309866464134\jln6903967125090143541\natives\windows-amd64\gluegen_rt.dll
0x00007ffe2b270000 - 0x00007ffe2b318000 	C:\WINDOWS\system32\uxtheme.dll
0x00007ffe30d90000 - 0x00007ffe30ee8000 	C:\WINDOWS\System32\MSCTF.dll
0x00007ffe2fda0000 - 0x00007ffe2ff38000 	C:\WINDOWS\System32\ole32.dll
0x00007ffe14870000 - 0x00007ffe14877000 	C:\Program Files\Amazon Corretto\jdk21.0.7_6\bin\jawt.dll
0x00007ffe14230000 - 0x00007ffe1423d000 	C:\Users\chris\AppData\Local\Temp\jogamp_0000\file_cache\jln1344392309866464134\jln6903967125090143541\natives\windows-amd64\nativewindow_awt.dll
0x00007ffe2b4d0000 - 0x00007ffe2b4fb000 	C:\WINDOWS\system32\DWMAPI.DLL
0x00007ffdf3de0000 - 0x00007ffdf3eec000 	C:\WINDOWS\system32\opengl32.dll
0x00007ffdf3fb0000 - 0x00007ffdf3fdd000 	C:\WINDOWS\SYSTEM32\GLU32.dll
0x00007ffe2b510000 - 0x00007ffe2b554000 	C:\WINDOWS\SYSTEM32\dxcore.dll
0x00007ffe01750000 - 0x00007ffe01765000 	C:\Users\chris\AppData\Local\Temp\jogamp_0000\file_cache\jln1344392309866464134\jln6903967125090143541\natives\windows-amd64\nativewindow_win32.dll
0x00007ffde3bf0000 - 0x00007ffde3c81000 	C:\Users\chris\AppData\Local\Temp\jogamp_0000\file_cache\jln1344392309866464134\jln6903967125090143541\natives\windows-amd64\jogl_desktop.dll
0x00007ffdf7960000 - 0x00007ffdf79bf000 	C:\Users\chris\AppData\Local\Temp\jogamp_0000\file_cache\jln1344392309866464134\jln6903967125090143541\natives\windows-amd64\jogl_mobile.dll
0x00007ffe281c0000 - 0x00007ffe28220000 	C:\WINDOWS\SYSTEM32\directxdatabasehelper.dll
0x00007ffe15970000 - 0x00007ffe1598a000 	C:\WINDOWS\SYSTEM32\windows.staterepositorycore.dll
0x00007ffd90b50000 - 0x00007ffd920a1000 	C:\WINDOWS\System32\DriverStore\FileRepository\iigd_dch.inf_amd64_9711ec5d8e932518\igxelpicd64.dll
0x00007ffe2b370000 - 0x00007ffe2b4aa000 	C:\WINDOWS\SYSTEM32\dxgi.dll
0x00007ffe10e80000 - 0x00007ffe10ea3000 	C:\WINDOWS\SYSTEM32\d3d12.dll
0x00007ffde0aa0000 - 0x00007ffde0c47000 	C:\WINDOWS\System32\DriverStore\FileRepository\iigd_dch.inf_amd64_9711ec5d8e932518\igdml64.dll
0x00007ffe2dec0000 - 0x00007ffe2df17000 	C:\WINDOWS\SYSTEM32\cfgmgr32.dll
0x00007ffe24f90000 - 0x00007ffe25523000 	C:\WINDOWS\System32\DriverStore\FileRepository\iigd_dch.inf_amd64_9711ec5d8e932518\igdgmm64.dll
0x00007ffe1fe60000 - 0x00007ffe24f86000 	C:\WINDOWS\System32\DriverStore\FileRepository\iigd_dch.inf_amd64_9711ec5d8e932518\igc64.dll

dbghelp: loaded successfully - version: 4.0.5 - missing functions: none
symbol engine: initialized successfully - sym options: 0x614 - pdb path: .;C:\Program Files\Amazon Corretto\jdk21.0.7_6\bin;C:\WINDOWS\SYSTEM32;C:\Program Files\Norton\Suite;C:\WINDOWS\WinSxS\amd64_microsoft.windows.common-controls_6595b64144ccf1df_6.0.26100.5074_none_3e0d6f78e32fd63f;C:\Program Files\Amazon Corretto\jdk21.0.7_6\bin\server;C:\Users\chris\AppData\Local\Temp\jogamp_0000\file_cache\jln1344392309866464134\jln6903967125090143541\natives\windows-amd64;C:\WINDOWS\System32\DriverStore\FileRepository\iigd_dch.inf_amd64_9711ec5d8e932518

VM Arguments:
java_command: cubeTest
java_class_path (initial): lib/gluegen-rt.jar;lib/gluegen-rt-natives-windows-amd64.jar;lib/jogl-all.jar;lib/jogl-all-natives-windows-amd64.jar;
Launcher Type: SUN_STANDARD

[Global flags]
     intx CICompilerCount                          = 4                                         {product} {ergonomic}
     uint ConcGCThreads                            = 2                                         {product} {ergonomic}
     uint G1ConcRefinementThreads                  = 8                                         {product} {ergonomic}
   size_t G1HeapRegionSize                         = 1048576                                   {product} {ergonomic}
    uintx GCDrainStackTargetSize                   = 64                                        {product} {ergonomic}
   size_t InitialHeapSize                          = 132120576                                 {product} {ergonomic}
   size_t MarkStackSize                            = 4194304                                   {product} {ergonomic}
   size_t MaxHeapSize                              = 2103443456                                {product} {ergonomic}
   size_t MaxNewSize                               = 1261436928                                {product} {ergonomic}
   size_t MinHeapDeltaBytes                        = 1048576                                   {product} {ergonomic}
   size_t MinHeapSize                              = 8388608                                   {product} {ergonomic}
    uintx NonNMethodCodeHeapSize                   = 5839372                                {pd product} {ergonomic}
    uintx NonProfiledCodeHeapSize                  = 122909434                              {pd product} {ergonomic}
    uintx ProfiledCodeHeapSize                     = 122909434                              {pd product} {ergonomic}
    uintx ReservedCodeCacheSize                    = 251658240                              {pd product} {ergonomic}
     bool SegmentedCodeCache                       = true                                      {product} {ergonomic}
   size_t SoftMaxHeapSize                          = 2103443456                             {manageable} {ergonomic}
     bool UseCompressedOops                        = true                           {product lp64_product} {ergonomic}
     bool UseG1GC                                  = true                                      {product} {ergonomic}
     bool UseLargePagesIndividualAllocation        = false                                  {pd product} {ergonomic}

Logging:
Log output configuration:
 #0: stdout all=warning uptime,level,tags foldmultilines=false
 #1: stderr all=off uptime,level,tags foldmultilines=false

Environment Variables:
JAVA_HOME=C:\Program Files\Amazon Corretto\jdk21.0.7_6
PATH=C:\Program Files\Amazon Corretto\jdk21.0.7_6\bin;C:\Python312\Scripts\;C:\Python312\;C:\Program Files\Amazon Corretto\jdk11.0.25_9\bin;C:\WINDOWS\system32;C:\WINDOWS;C:\WINDOWS\System32\Wbem;C:\WINDOWS\System32\WindowsPowerShell\v1.0\;C:\WINDOWS\System32\OpenSSH\;C:\Program Files\nodejs\;C:\ProgramData\chocolatey\bin;C:\Program Files\Git\cmd;C:\Python312\Scripts\;C:\Python312\;C:\Program Files\Amazon Corretto\jdk11.0.25_9\bin;C:\WINDOWS\system32;C:\WINDOWS;C:\WINDOWS\System32\Wbem;C:\WINDOWS\System32\WindowsPowerShell\v1.0\;C:\WINDOWS\System32\OpenSSH\;C:\Program Files\nodejs\;C:\ProgramData\chocolatey\bin;C:\Program Files\Git\cmd;C:\Users\chris\AppData\Local\Microsoft\WindowsApps;C:\Users\chris\AppData\Local\Programs\Microsoft VS Code\bin;C:\Users\chris\AppData\Roaming\npm;C:\Program Files\MinGW32\bin;C:\Program Files\MinGW32\bin"
USERNAME=chris
LANG=en_US.UTF-8
OS=Windows_NT
PROCESSOR_IDENTIFIER=Intel64 Family 6 Model 140 Stepping 1, GenuineIntel
TMP=C:\Users\chris\AppData\Local\Temp
TEMP=C:\Users\chris\AppData\Local\Temp




Periodic native trim disabled

---------------  S Y S T E M  ---------------

OS:
 Windows 11 , 64 bit Build 26100 (10.0.26100.5074)
OS uptime: 0 days 7:27 hours
Hyper-V role detected

CPU: total 8 (initial active 8) (4 cores per cpu, 2 threads per core) family 6 model 140 stepping 1 microcode 0xba, cx8, cmov, fxsr, ht, mmx, 3dnowpref, sse, sse2, sse3, ssse3, sse4.1, sse4.2, popcnt, lzcnt, tsc, tscinvbit, avx, avx2, aes, erms, clmul, bmi1, bmi2, adx, avx512f, avx512dq, avx512cd, avx512bw, avx512vl, sha, fma, vzeroupper, avx512_vpopcntdq, avx512_vpclmulqdq, avx512_vaes, avx512_vnni, clflush, clflushopt, clwb, avx512_vbmi2, avx512_vbmi, hv, rdtscp, rdpid, fsrm, gfni, avx512_bitalg, f16c, cet_ibt, cet_ss, avx512_ifma
Processor Information for the first 8 processors :
  Max Mhz: 2419, Current Mhz: 2419, Mhz Limit: 2419

Memory: 4k page, system-wide physical 8017M (968M free)
TotalPageFile size 13905M (AvailPageFile size 1042M)
current process WorkingSet (physical memory assigned to process): 159M, peak: 159M
current process commit charge ("private bytes"): 289M, peak: 289M

vm_info: OpenJDK 64-Bit Server VM (21.0.7+6-LTS) for windows-amd64 JRE (21.0.7+6-LTS), built on 2025-04-14T16:08:54Z by "Administrator" with MS VC++ 16.10 / 16.11 (VS2019)

END.
